c:\users\james\documents\github\classstuff\prog59207ai\project2.james.brooks\intermediate\debug\win32\bomberboy\vc141.pdb
c:\users\james\documents\github\classstuff\prog59207ai\project2.james.brooks\intermediate\debug\win32\bomberboy\vc141.idb
c:\users\james\documents\github\classstuff\prog59207ai\project2.james.brooks\intermediate\debug\win32\bomberboy\bomb.obj
c:\users\james\documents\github\classstuff\prog59207ai\project2.james.brooks\intermediate\debug\win32\bomberboy\bombfire.obj
c:\users\james\documents\github\classstuff\prog59207ai\project2.james.brooks\intermediate\debug\win32\bomberboy\enemyai.obj
c:\users\james\documents\github\classstuff\prog59207ai\project2.james.brooks\intermediate\debug\win32\bomberboy\leveldata.obj
c:\users\james\documents\github\classstuff\prog59207ai\project2.james.brooks\intermediate\debug\win32\bomberboy\main.obj
c:\users\james\documents\github\classstuff\prog59207ai\project2.james.brooks\intermediate\debug\win32\bomberboy\playercontrols.obj
c:\users\james\documents\github\classstuff\prog59207ai\project2.james.brooks\intermediate\debug\win32\bomberboy\terrain.obj
c:\users\james\documents\github\classstuff\prog59207ai\project2.james.brooks\intermediate\debug\win32\bomberboy\tile.obj
c:\users\james\documents\github\classstuff\prog59207ai\project2.james.brooks\bin\win32\bomberboy.ilk
c:\users\james\documents\github\classstuff\prog59207ai\project2.james.brooks\bin\win32\bomberboy.exe
c:\users\james\documents\github\classstuff\prog59207ai\project2.james.brooks\bin\win32\bomberboy.pdb
c:\users\james\documents\github\classstuff\prog59207ai\project2.james.brooks\\bin\win32\bomberboy.pdb
c:\users\james\documents\github\classstuff\prog59207ai\project2.james.brooks\\bin\win32\bomberboy.exe
c:\users\james\documents\github\classstuff\prog59207ai\project2.james.brooks\\bin\win32\bomberboy.ilk
c:\users\james\documents\github\classstuff\prog59207ai\project2.james.brooks\intermediate\debug\win32\bomberboy\bomberboy.tlog\cl.command.1.tlog
c:\users\james\documents\github\classstuff\prog59207ai\project2.james.brooks\intermediate\debug\win32\bomberboy\bomberboy.tlog\cl.read.1.tlog
c:\users\james\documents\github\classstuff\prog59207ai\project2.james.brooks\intermediate\debug\win32\bomberboy\bomberboy.tlog\cl.write.1.tlog
c:\users\james\documents\github\classstuff\prog59207ai\project2.james.brooks\intermediate\debug\win32\bomberboy\bomberboy.tlog\link.command.1.tlog
c:\users\james\documents\github\classstuff\prog59207ai\project2.james.brooks\intermediate\debug\win32\bomberboy\bomberboy.tlog\link.read.1.tlog
c:\users\james\documents\github\classstuff\prog59207ai\project2.james.brooks\intermediate\debug\win32\bomberboy\bomberboy.tlog\link.write.1.tlog
