c:\users\brookjam\class projects\classstuff\prog54310graphanim\a1\jamesbrooksassignment1\jamesbrooksassignment1\debug\vc141.pdb
c:\users\brookjam\class projects\classstuff\prog54310graphanim\a1\jamesbrooksassignment1\jamesbrooksassignment1\debug\vc141.idb
c:\users\brookjam\class projects\classstuff\prog54310graphanim\a1\jamesbrooksassignment1\jamesbrooksassignment1\debug\main.obj
c:\users\brookjam\class projects\classstuff\prog54310graphanim\a1\jamesbrooksassignment1\jamesbrooksassignment1\debug\shader.obj
c:\users\brookjam\class projects\classstuff\prog54310graphanim\a1\jamesbrooksassignment1\jamesbrooksassignment1\debug\shaderloader.obj
c:\users\brookjam\class projects\classstuff\prog54310graphanim\a1\jamesbrooksassignment1\jamesbrooksassignment1\debug\window.obj
c:\users\brookjam\class projects\classstuff\prog54310graphanim\a1\jamesbrooksassignment1\jamesbrooksassignment1\debug\model.obj
c:\users\brookjam\class projects\classstuff\prog54310graphanim\a1\jamesbrooksassignment1\jamesbrooksassignment1\debug\modelcontianer.obj
c:\users\brookjam\class projects\classstuff\prog54310graphanim\a1\jamesbrooksassignment1\bin\jamesbrooksassignment1.exe
c:\users\brookjam\class projects\classstuff\prog54310graphanim\a1\jamesbrooksassignment1\bin\jamesbrooksassignment1.ilk
c:\users\brookjam\class projects\classstuff\prog54310graphanim\a1\jamesbrooksassignment1\bin\jamesbrooksassignment1.pdb
c:\users\brookjam\class projects\classstuff\prog54310graphanim\a1\jamesbrooksassignment1\jamesbrooksassignment1\debug\jamesbrooksassignment1.res
c:\users\james\documents\github\classstuff\prog54310graphanim\a1\jamesbrooksassignment1\jamesbrooksassignment1\debug\main.obj
c:\users\james\documents\github\classstuff\prog54310graphanim\a1\jamesbrooksassignment1\jamesbrooksassignment1\debug\model.obj
c:\users\james\documents\github\classstuff\prog54310graphanim\a1\jamesbrooksassignment1\jamesbrooksassignment1\debug\modelcontianer.obj
c:\users\james\documents\github\classstuff\prog54310graphanim\a1\jamesbrooksassignment1\jamesbrooksassignment1\debug\shader.obj
c:\users\james\documents\github\classstuff\prog54310graphanim\a1\jamesbrooksassignment1\jamesbrooksassignment1\debug\shaderloader.obj
c:\users\james\documents\github\classstuff\prog54310graphanim\a1\jamesbrooksassignment1\jamesbrooksassignment1\debug\window.obj
c:\users\james\documents\github\classstuff\prog54310graphanim\a1\jamesbrooksassignment1\jamesbrooksassignment1\debug\jamesbrooksassignment1.res
c:\users\james\documents\github\classstuff\prog54310graphanim\a1\jamesbrooksassignment1\jamesbrooksassignment1\debug\vc141.idb
c:\users\james\documents\github\classstuff\prog54310graphanim\a1\jamesbrooksassignment1\jamesbrooksassignment1\debug\vc141.pdb
c:\users\james\documents\github\classstuff\prog54310graphanim\a1\jamesbrooksassignment1\bin/jamesbrooksassignment1.pdb
c:\users\james\documents\github\classstuff\prog54310graphanim\a1\jamesbrooksassignment1\bin/jamesbrooksassignment1.exe
c:\users\james\documents\github\classstuff\prog54310graphanim\a1\jamesbrooksassignment1\bin/jamesbrooksassignment1.ilk
c:\users\james\documents\github\classstuff\prog54310graphanim\a1\jamesbrooksassignment1\jamesbrooksassignment1\debug\jamesbro.413b810a.tlog\cl.command.1.tlog
c:\users\james\documents\github\classstuff\prog54310graphanim\a1\jamesbrooksassignment1\jamesbrooksassignment1\debug\jamesbro.413b810a.tlog\cl.read.1.tlog
c:\users\james\documents\github\classstuff\prog54310graphanim\a1\jamesbrooksassignment1\jamesbrooksassignment1\debug\jamesbro.413b810a.tlog\cl.write.1.tlog
c:\users\james\documents\github\classstuff\prog54310graphanim\a1\jamesbrooksassignment1\jamesbrooksassignment1\debug\jamesbro.413b810a.tlog\link.command.1.tlog
c:\users\james\documents\github\classstuff\prog54310graphanim\a1\jamesbrooksassignment1\jamesbrooksassignment1\debug\jamesbro.413b810a.tlog\link.read.1.tlog
c:\users\james\documents\github\classstuff\prog54310graphanim\a1\jamesbrooksassignment1\jamesbrooksassignment1\debug\jamesbro.413b810a.tlog\link.write.1.tlog
c:\users\james\documents\github\classstuff\prog54310graphanim\a1\jamesbrooksassignment1\jamesbrooksassignment1\debug\jamesbro.413b810a.tlog\rc.command.1.tlog
c:\users\james\documents\github\classstuff\prog54310graphanim\a1\jamesbrooksassignment1\jamesbrooksassignment1\debug\jamesbro.413b810a.tlog\rc.read.1.tlog
c:\users\james\documents\github\classstuff\prog54310graphanim\a1\jamesbrooksassignment1\jamesbrooksassignment1\debug\jamesbro.413b810a.tlog\rc.write.1.tlog
