c:\users\james\documents\github\classstuff\prog59207ai\project2.james.brooks\intermediate\debug\win32\engine.pch
c:\users\james\documents\github\classstuff\prog59207ai\project2.james.brooks\intermediate\debug\win32\vc141.pdb
c:\users\james\documents\github\classstuff\prog59207ai\project2.james.brooks\intermediate\debug\win32\vc141.idb
c:\users\james\documents\github\classstuff\prog59207ai\project2.james.brooks\intermediate\debug\win32\uitexture.obj
c:\users\james\documents\github\classstuff\prog59207ai\project2.james.brooks\intermediate\debug\win32\uitext.obj
c:\users\james\documents\github\classstuff\prog59207ai\project2.james.brooks\intermediate\debug\win32\uielement.obj
c:\users\james\documents\github\classstuff\prog59207ai\project2.james.brooks\intermediate\debug\win32\uibutton.obj
c:\users\james\documents\github\classstuff\prog59207ai\project2.james.brooks\intermediate\debug\win32\transform.obj
c:\users\james\documents\github\classstuff\prog59207ai\project2.james.brooks\intermediate\debug\win32\tinyxml2.obj
c:\users\james\documents\github\classstuff\prog59207ai\project2.james.brooks\intermediate\debug\win32\timer.obj
c:\users\james\documents\github\classstuff\prog59207ai\project2.james.brooks\intermediate\debug\win32\textureasset.obj
c:\users\james\documents\github\classstuff\prog59207ai\project2.james.brooks\intermediate\debug\win32\sprite.obj
c:\users\james\documents\github\classstuff\prog59207ai\project2.james.brooks\intermediate\debug\win32\scenemanager.obj
c:\users\james\documents\github\classstuff\prog59207ai\project2.james.brooks\intermediate\debug\win32\scene.obj
c:\users\james\documents\github\classstuff\prog59207ai\project2.james.brooks\intermediate\debug\win32\rendersystem.obj
c:\users\james\documents\github\classstuff\prog59207ai\project2.james.brooks\intermediate\debug\win32\object.obj
c:\users\james\documents\github\classstuff\prog59207ai\project2.james.brooks\intermediate\debug\win32\main.obj
c:\users\james\documents\github\classstuff\prog59207ai\project2.james.brooks\intermediate\debug\win32\irenderable.obj
c:\users\james\documents\github\classstuff\prog59207ai\project2.james.brooks\intermediate\debug\win32\inputmanager.obj
c:\users\james\documents\github\classstuff\prog59207ai\project2.james.brooks\intermediate\debug\win32\gameobjectmanager.obj
c:\users\james\documents\github\classstuff\prog59207ai\project2.james.brooks\intermediate\debug\win32\gameobject.obj
c:\users\james\documents\github\classstuff\prog59207ai\project2.james.brooks\intermediate\debug\win32\gameengine.obj
c:\users\james\documents\github\classstuff\prog59207ai\project2.james.brooks\intermediate\debug\win32\filesystem.obj
c:\users\james\documents\github\classstuff\prog59207ai\project2.james.brooks\intermediate\debug\win32\componentmanager.obj
c:\users\james\documents\github\classstuff\prog59207ai\project2.james.brooks\intermediate\debug\win32\component.obj
c:\users\james\documents\github\classstuff\prog59207ai\project2.james.brooks\intermediate\debug\win32\buttonactionscenechange.obj
c:\users\james\documents\github\classstuff\prog59207ai\project2.james.brooks\intermediate\debug\win32\buttonactionquit.obj
c:\users\james\documents\github\classstuff\prog59207ai\project2.james.brooks\intermediate\debug\win32\buttonaction.obj
c:\users\james\documents\github\classstuff\prog59207ai\project2.james.brooks\intermediate\debug\win32\assetmanager.obj
c:\users\james\documents\github\classstuff\prog59207ai\project2.james.brooks\intermediate\debug\win32\asset.obj
c:\users\james\documents\github\classstuff\prog59207ai\project2.james.brooks\intermediate\debug\win32\animatedsprite.obj
c:\users\james\documents\github\classstuff\prog59207ai\project2.james.brooks\bin\win32\engine.ilk
c:\users\james\documents\github\classstuff\prog59207ai\project2.james.brooks\bin\win32\engine.dll
c:\users\james\documents\github\classstuff\prog59207ai\project2.james.brooks\bin\win32\engine.pdb
c:\users\james\documents\github\classstuff\prog59207ai\project2.james.brooks\\bin\win32\engine.pdb
c:\users\james\documents\github\classstuff\prog59207ai\project2.james.brooks\\bin\win32\engine.dll
c:\users\james\documents\github\classstuff\prog59207ai\project2.james.brooks\\bin\win32\engine.ilk
c:\users\james\documents\github\classstuff\prog59207ai\project2.james.brooks\intermediate\debug\win32\engine.tlog\cl.command.1.tlog
c:\users\james\documents\github\classstuff\prog59207ai\project2.james.brooks\intermediate\debug\win32\engine.tlog\cl.read.1.tlog
c:\users\james\documents\github\classstuff\prog59207ai\project2.james.brooks\intermediate\debug\win32\engine.tlog\cl.write.1.tlog
c:\users\james\documents\github\classstuff\prog59207ai\project2.james.brooks\intermediate\debug\win32\engine.tlog\link.command.1.tlog
c:\users\james\documents\github\classstuff\prog59207ai\project2.james.brooks\intermediate\debug\win32\engine.tlog\link.read.1.tlog
c:\users\james\documents\github\classstuff\prog59207ai\project2.james.brooks\intermediate\debug\win32\engine.tlog\link.write.1.tlog
