c:\users\brookjam\class projects\classstuff\prog50016gamearch\a1\diadelum\diadelum\debug\vc141.pdb
c:\users\brookjam\class projects\classstuff\prog50016gamearch\a1\diadelum\diadelum\debug\vc141.idb
c:\users\brookjam\class projects\classstuff\prog50016gamearch\a1\diadelum\diadelum\debug\corpse.obj
c:\users\brookjam\class projects\classstuff\prog50016gamearch\a1\diadelum\diadelum\debug\filesystem.obj
c:\users\brookjam\class projects\classstuff\prog50016gamearch\a1\diadelum\diadelum\debug\gameengine.obj
c:\users\brookjam\class projects\classstuff\prog50016gamearch\a1\diadelum\diadelum\debug\gameobject.obj
c:\users\brookjam\class projects\classstuff\prog50016gamearch\a1\diadelum\diadelum\debug\gameobjectmaker.obj
c:\users\brookjam\class projects\classstuff\prog50016gamearch\a1\diadelum\diadelum\debug\inputsystem.obj
c:\users\brookjam\class projects\classstuff\prog50016gamearch\a1\diadelum\diadelum\debug\interactable.obj
c:\users\brookjam\class projects\classstuff\prog50016gamearch\a1\diadelum\diadelum\debug\item.obj
c:\users\brookjam\class projects\classstuff\prog50016gamearch\a1\diadelum\diadelum\debug\main.obj
c:\users\brookjam\class projects\classstuff\prog50016gamearch\a1\diadelum\diadelum\debug\monster.obj
c:\users\brookjam\class projects\classstuff\prog50016gamearch\a1\diadelum\diadelum\debug\npc.obj
c:\users\brookjam\class projects\classstuff\prog50016gamearch\a1\diadelum\diadelum\debug\object.obj
c:\users\brookjam\class projects\classstuff\prog50016gamearch\a1\diadelum\diadelum\debug\player.obj
c:\users\brookjam\class projects\classstuff\prog50016gamearch\a1\diadelum\diadelum\debug\rendersystem.obj
c:\users\brookjam\class projects\classstuff\prog50016gamearch\a1\diadelum\diadelum\debug\savestatemanager.obj
c:\users\brookjam\class projects\classstuff\prog50016gamearch\a1\diadelum\diadelum\debug\scenemanager.obj
c:\users\brookjam\class projects\classstuff\prog50016gamearch\a1\diadelum\diadelum\debug\tinyxml2.obj
c:\users\brookjam\class projects\classstuff\prog50016gamearch\a1\diadelum\diadelum\debug\zone.obj
c:\users\brookjam\class projects\classstuff\prog50016gamearch\a1\diadelum\debug\diadelum.exe
c:\users\brookjam\class projects\classstuff\prog50016gamearch\a1\diadelum\debug\diadelum.ilk
c:\users\brookjam\class projects\classstuff\prog50016gamearch\a1\diadelum\debug\diadelum.pdb
c:\users\brookjam\class projects\classstuff\prog50016gamearch\a1\diadelum\diadelum\debug\diadelum.tlog\cl.command.1.tlog
c:\users\brookjam\class projects\classstuff\prog50016gamearch\a1\diadelum\diadelum\debug\diadelum.tlog\cl.read.1.tlog
c:\users\brookjam\class projects\classstuff\prog50016gamearch\a1\diadelum\diadelum\debug\diadelum.tlog\cl.write.1.tlog
c:\users\brookjam\class projects\classstuff\prog50016gamearch\a1\diadelum\diadelum\debug\diadelum.tlog\link.command.1.tlog
c:\users\brookjam\class projects\classstuff\prog50016gamearch\a1\diadelum\diadelum\debug\diadelum.tlog\link.read.1.tlog
c:\users\brookjam\class projects\classstuff\prog50016gamearch\a1\diadelum\diadelum\debug\diadelum.tlog\link.write.1.tlog
