  Zone.cpp
c:\users\brookjam\class projects\classstuff\prog50016gamearch\a1\diadelum\diadelum\zone.cpp(200): warning C4101: 'ex': unreferenced local variable
c:\users\brookjam\class projects\classstuff\prog50016gamearch\a1\diadelum\diadelum\zone.cpp(238): warning C4101: 'ex': unreferenced local variable
c:\users\brookjam\class projects\classstuff\prog50016gamearch\a1\diadelum\diadelum\zone.cpp(243): warning C4101: 'ex': unreferenced local variable
c:\users\brookjam\class projects\classstuff\prog50016gamearch\a1\diadelum\diadelum\zone.cpp(248): warning C4101: 'ex': unreferenced local variable
c:\users\brookjam\class projects\classstuff\prog50016gamearch\a1\diadelum\diadelum\zone.cpp(253): warning C4101: 'ex': unreferenced local variable
c:\users\brookjam\class projects\classstuff\prog50016gamearch\a1\diadelum\diadelum\zone.cpp(277): warning C4101: 'ex': unreferenced local variable
c:\users\brookjam\class projects\classstuff\prog50016gamearch\a1\diadelum\diadelum\zone.cpp(282): warning C4101: 'ex': unreferenced local variable
c:\users\brookjam\class projects\classstuff\prog50016gamearch\a1\diadelum\diadelum\zone.cpp(287): warning C4101: 'ex': unreferenced local variable
c:\users\brookjam\class projects\classstuff\prog50016gamearch\a1\diadelum\diadelum\zone.cpp(292): warning C4101: 'ex': unreferenced local variable
c:\users\brookjam\class projects\classstuff\prog50016gamearch\a1\diadelum\diadelum\zone.cpp(323): warning C4101: 'ex': unreferenced local variable
c:\users\brookjam\class projects\classstuff\prog50016gamearch\a1\diadelum\diadelum\zone.cpp(350): warning C4101: 'ex': unreferenced local variable
c:\users\brookjam\class projects\classstuff\prog50016gamearch\a1\diadelum\diadelum\zone.cpp(354): warning C4101: 'ex': unreferenced local variable
c:\users\brookjam\class projects\classstuff\prog50016gamearch\a1\diadelum\diadelum\zone.cpp(403): warning C4101: 'ex': unreferenced local variable
c:\users\brookjam\class projects\classstuff\prog50016gamearch\a1\diadelum\diadelum\zone.cpp(408): warning C4101: 'ex': unreferenced local variable
c:\users\brookjam\class projects\classstuff\prog50016gamearch\a1\diadelum\diadelum\zone.cpp(413): warning C4101: 'ex': unreferenced local variable
c:\users\brookjam\class projects\classstuff\prog50016gamearch\a1\diadelum\diadelum\zone.cpp(418): warning C4101: 'ex': unreferenced local variable
c:\users\brookjam\class projects\classstuff\prog50016gamearch\a1\diadelum\diadelum\zone.cpp(478): warning C4101: 'ex': unreferenced local variable
c:\users\brookjam\class projects\classstuff\prog50016gamearch\a1\diadelum\diadelum\zone.cpp(510): warning C4101: 'ex': unreferenced local variable
c:\users\brookjam\class projects\classstuff\prog50016gamearch\a1\diadelum\diadelum\zone.cpp(546): warning C4101: 'ex': unreferenced local variable
c:\users\brookjam\class projects\classstuff\prog50016gamearch\a1\diadelum\diadelum\zone.cpp(562): warning C4101: 'ex': unreferenced local variable
  tinyxml2.cpp
  SceneManager.cpp
  RenderSystem.cpp
  Player.cpp
c:\users\brookjam\class projects\classstuff\prog50016gamearch\a1\diadelum\diadelum\player.cpp(149): warning C4101: 'ex': unreferenced local variable
  Object.cpp
  NPC.cpp
  Monster.cpp
  main.cpp
  Item.cpp
  Interactable.cpp
  InputSystem.cpp
c:\users\brookjam\class projects\classstuff\prog50016gamearch\a1\diadelum\diadelum\inputsystem.cpp(125): warning C4101: 'ex': unreferenced local variable
c:\users\brookjam\class projects\classstuff\prog50016gamearch\a1\diadelum\diadelum\inputsystem.cpp(145): warning C4101: 'ex': unreferenced local variable
c:\users\brookjam\class projects\classstuff\prog50016gamearch\a1\diadelum\diadelum\inputsystem.cpp(158): warning C4101: 'ex': unreferenced local variable
  GameObjectMaker.cpp
  GameObject.cpp
  GameEngine.cpp
  FileSystem.cpp
c:\users\brookjam\class projects\classstuff\prog50016gamearch\a1\diadelum\diadelum\filesystem.cpp(115): warning C4101: 'ex': unreferenced local variable
  Corpse.cpp
  Generating Code...
  Diadelum.vcxproj -> C:\Users\brookjam\Class Projects\ClassStuff\PROG50016GameArch\A1\Diadelum\Debug\Diadelum.exe
  Diadelum.vcxproj -> C:\Users\brookjam\Class Projects\ClassStuff\PROG50016GameArch\A1\Diadelum\Debug\Diadelum.pdb (Partial PDB)
