d:\education\opengl\week1-helloworld\hellowworld-triangle\hellowworld-triangle\debug\vc120.pdb
d:\education\opengl\week1-helloworld\hellowworld-triangle\hellowworld-triangle\debug\vc120.idb
d:\education\opengl\week1-helloworld\hellowworld-triangle\hellowworld-triangle\debug\hellowworld.obj
c:\users\brookjam\class projects\classstuff\prog54310graphanim\excersize1\hellowworld\hellowworld-triangle\debug\vc141.pdb
c:\users\brookjam\class projects\classstuff\prog54310graphanim\excersize1\hellowworld\hellowworld-triangle\debug\vc141.idb
c:\users\brookjam\class projects\classstuff\prog54310graphanim\excersize1\hellowworld\hellowworld-triangle\debug\hellowworld.obj
d:\education\opengl\week1-helloworld\hellowworld-triangle\bin\hellowworld.ilk
d:\education\opengl\week1-helloworld\hellowworld-triangle\bin\hellowworld.exe
d:\education\opengl\week1-helloworld\hellowworld-triangle\bin\hellowworld.pdb
c:\users\brookjam\class projects\classstuff\prog54310graphanim\excersize1\hellowworld\bin\hellowworld.ilk
c:\users\brookjam\class projects\classstuff\prog54310graphanim\excersize1\hellowworld\bin\hellowworld.exe
c:\users\brookjam\class projects\classstuff\prog54310graphanim\excersize1\hellowworld\bin\lnk{b90a69dc-40f2-4efd-8505-bf673246fb27}.tmp
c:\users\brookjam\class projects\classstuff\prog54310graphanim\excersize1\hellowworld\bin\hellowworld.pdb
c:\users\brookjam\class projects\classstuff\prog54310graphanim\excersize1\hellowworld\hellowworld-triangle\debug\vc120.idb
c:\users\brookjam\class projects\classstuff\prog54310graphanim\excersize1\hellowworld\hellowworld-triangle\debug\vc120.pdb
c:\users\brookjam\class projects\classstuff\prog54310graphanim\excersize1\hellowworld\\bin\hellowworld.pdb
c:\users\brookjam\class projects\classstuff\prog54310graphanim\excersize1\hellowworld\\bin\hellowworld.exe
c:\users\brookjam\class projects\classstuff\prog54310graphanim\excersize1\hellowworld\\bin\hellowworld.ilk
c:\users\brookjam\class projects\classstuff\prog54310graphanim\excersize1\hellowworld\hellowworld-triangle\debug\hellowworld.tlog\cl.command.1.tlog
c:\users\brookjam\class projects\classstuff\prog54310graphanim\excersize1\hellowworld\hellowworld-triangle\debug\hellowworld.tlog\cl.read.1.tlog
c:\users\brookjam\class projects\classstuff\prog54310graphanim\excersize1\hellowworld\hellowworld-triangle\debug\hellowworld.tlog\cl.write.1.tlog
c:\users\brookjam\class projects\classstuff\prog54310graphanim\excersize1\hellowworld\hellowworld-triangle\debug\hellowworld.tlog\link.command.1.tlog
c:\users\brookjam\class projects\classstuff\prog54310graphanim\excersize1\hellowworld\hellowworld-triangle\debug\hellowworld.tlog\link.delete.1.tlog
c:\users\brookjam\class projects\classstuff\prog54310graphanim\excersize1\hellowworld\hellowworld-triangle\debug\hellowworld.tlog\link.read.1.tlog
c:\users\brookjam\class projects\classstuff\prog54310graphanim\excersize1\hellowworld\hellowworld-triangle\debug\hellowworld.tlog\link.write.1.tlog
