c:\users\james\documents\github\classstuff\prog59207ai\project2.james.brooks\intermediate\debug\win32\engine\engine.pch
c:\users\james\documents\github\classstuff\prog59207ai\project2.james.brooks\intermediate\debug\win32\engine\engine.pdb
c:\users\james\documents\github\classstuff\prog59207ai\project2.james.brooks\intermediate\debug\win32\engine\engine.idb
c:\users\james\documents\github\classstuff\prog59207ai\project2.james.brooks\intermediate\debug\win32\engine\uitexture.obj
c:\users\james\documents\github\classstuff\prog59207ai\project2.james.brooks\intermediate\debug\win32\engine\uitext.obj
c:\users\james\documents\github\classstuff\prog59207ai\project2.james.brooks\intermediate\debug\win32\engine\uielement.obj
c:\users\james\documents\github\classstuff\prog59207ai\project2.james.brooks\intermediate\debug\win32\engine\uibutton.obj
c:\users\james\documents\github\classstuff\prog59207ai\project2.james.brooks\intermediate\debug\win32\engine\transform.obj
c:\users\james\documents\github\classstuff\prog59207ai\project2.james.brooks\intermediate\debug\win32\engine\tinyxml2.obj
c:\users\james\documents\github\classstuff\prog59207ai\project2.james.brooks\intermediate\debug\win32\engine\timer.obj
c:\users\james\documents\github\classstuff\prog59207ai\project2.james.brooks\intermediate\debug\win32\engine\textureasset.obj
c:\users\james\documents\github\classstuff\prog59207ai\project2.james.brooks\intermediate\debug\win32\engine\sprite.obj
c:\users\james\documents\github\classstuff\prog59207ai\project2.james.brooks\intermediate\debug\win32\engine\scenemanager.obj
c:\users\james\documents\github\classstuff\prog59207ai\project2.james.brooks\intermediate\debug\win32\engine\scene.obj
c:\users\james\documents\github\classstuff\prog59207ai\project2.james.brooks\intermediate\debug\win32\engine\rendersystem.obj
c:\users\james\documents\github\classstuff\prog59207ai\project2.james.brooks\intermediate\debug\win32\engine\object.obj
c:\users\james\documents\github\classstuff\prog59207ai\project2.james.brooks\intermediate\debug\win32\engine\main.obj
c:\users\james\documents\github\classstuff\prog59207ai\project2.james.brooks\intermediate\debug\win32\engine\irenderable.obj
c:\users\james\documents\github\classstuff\prog59207ai\project2.james.brooks\intermediate\debug\win32\engine\inputmanager.obj
c:\users\james\documents\github\classstuff\prog59207ai\project2.james.brooks\intermediate\debug\win32\engine\gameobjectmanager.obj
c:\users\james\documents\github\classstuff\prog59207ai\project2.james.brooks\intermediate\debug\win32\engine\gameobject.obj
c:\users\james\documents\github\classstuff\prog59207ai\project2.james.brooks\intermediate\debug\win32\engine\gameengine.obj
c:\users\james\documents\github\classstuff\prog59207ai\project2.james.brooks\intermediate\debug\win32\engine\filesystem.obj
c:\users\james\documents\github\classstuff\prog59207ai\project2.james.brooks\intermediate\debug\win32\engine\componentmanager.obj
c:\users\james\documents\github\classstuff\prog59207ai\project2.james.brooks\intermediate\debug\win32\engine\component.obj
c:\users\james\documents\github\classstuff\prog59207ai\project2.james.brooks\intermediate\debug\win32\engine\buttonactionscenechange.obj
c:\users\james\documents\github\classstuff\prog59207ai\project2.james.brooks\intermediate\debug\win32\engine\buttonactionquit.obj
c:\users\james\documents\github\classstuff\prog59207ai\project2.james.brooks\intermediate\debug\win32\engine\buttonaction.obj
c:\users\james\documents\github\classstuff\prog59207ai\project2.james.brooks\intermediate\debug\win32\engine\assetmanager.obj
c:\users\james\documents\github\classstuff\prog59207ai\project2.james.brooks\intermediate\debug\win32\engine\asset.obj
c:\users\james\documents\github\classstuff\prog59207ai\project2.james.brooks\intermediate\debug\win32\engine\animatedsprite.obj
c:\users\james\documents\github\classstuff\prog59207ai\project2.james.brooks\lib\win32\engine.lib
c:\users\james\documents\github\classstuff\prog59207ai\project2.james.brooks\\lib\win32\engine.pdb
c:\users\james\documents\github\classstuff\prog59207ai\project2.james.brooks\\lib\win32\engine.lib
c:\users\james\documents\github\classstuff\prog59207ai\project2.james.brooks\intermediate\debug\win32\engine\engine.tlog\cl.command.1.tlog
c:\users\james\documents\github\classstuff\prog59207ai\project2.james.brooks\intermediate\debug\win32\engine\engine.tlog\cl.read.1.tlog
c:\users\james\documents\github\classstuff\prog59207ai\project2.james.brooks\intermediate\debug\win32\engine\engine.tlog\cl.write.1.tlog
c:\users\james\documents\github\classstuff\prog59207ai\project2.james.brooks\intermediate\debug\win32\engine\engine.tlog\lib-link.read.1.tlog
c:\users\james\documents\github\classstuff\prog59207ai\project2.james.brooks\intermediate\debug\win32\engine\engine.tlog\lib-link.write.1.tlog
c:\users\james\documents\github\classstuff\prog59207ai\project2.james.brooks\intermediate\debug\win32\engine\engine.tlog\lib.command.1.tlog
