c:\users\brookjam\class projects\classstuff\prog50016gamearch\a2\project2.james.brooks\project2.james.brooks\x64\debug\project2.james.brooks.pch
c:\users\brookjam\class projects\classstuff\prog50016gamearch\a2\project2.james.brooks\project2.james.brooks\x64\debug\vc141.pdb
c:\users\brookjam\class projects\classstuff\prog50016gamearch\a2\project2.james.brooks\project2.james.brooks\x64\debug\vc141.idb
c:\users\brookjam\class projects\classstuff\prog50016gamearch\a2\project2.james.brooks\project2.james.brooks\x64\debug\transform.obj
c:\users\brookjam\class projects\classstuff\prog50016gamearch\a2\project2.james.brooks\project2.james.brooks\x64\debug\tinyxml2.obj
c:\users\brookjam\class projects\classstuff\prog50016gamearch\a2\project2.james.brooks\project2.james.brooks\x64\debug\timer.obj
c:\users\brookjam\class projects\classstuff\prog50016gamearch\a2\project2.james.brooks\project2.james.brooks\x64\debug\tile.obj
c:\users\brookjam\class projects\classstuff\prog50016gamearch\a2\project2.james.brooks\project2.james.brooks\x64\debug\textureasset.obj
c:\users\brookjam\class projects\classstuff\prog50016gamearch\a2\project2.james.brooks\project2.james.brooks\x64\debug\terrain.obj
c:\users\brookjam\class projects\classstuff\prog50016gamearch\a2\project2.james.brooks\project2.james.brooks\x64\debug\sprite.obj
c:\users\brookjam\class projects\classstuff\prog50016gamearch\a2\project2.james.brooks\project2.james.brooks\x64\debug\scenemanager.obj
c:\users\brookjam\class projects\classstuff\prog50016gamearch\a2\project2.james.brooks\project2.james.brooks\x64\debug\scene.obj
c:\users\brookjam\class projects\classstuff\prog50016gamearch\a2\project2.james.brooks\project2.james.brooks\x64\debug\rendersystem.obj
c:\users\brookjam\class projects\classstuff\prog50016gamearch\a2\project2.james.brooks\project2.james.brooks\x64\debug\playercontrols.obj
c:\users\brookjam\class projects\classstuff\prog50016gamearch\a2\project2.james.brooks\project2.james.brooks\x64\debug\object.obj
c:\users\brookjam\class projects\classstuff\prog50016gamearch\a2\project2.james.brooks\project2.james.brooks\x64\debug\main.obj
c:\users\brookjam\class projects\classstuff\prog50016gamearch\a2\project2.james.brooks\project2.james.brooks\x64\debug\leveldata.obj
c:\users\brookjam\class projects\classstuff\prog50016gamearch\a2\project2.james.brooks\project2.james.brooks\x64\debug\irenderable.obj
c:\users\brookjam\class projects\classstuff\prog50016gamearch\a2\project2.james.brooks\project2.james.brooks\x64\debug\inputmanager.obj
c:\users\brookjam\class projects\classstuff\prog50016gamearch\a2\project2.james.brooks\project2.james.brooks\x64\debug\gameobjectmanager.obj
c:\users\brookjam\class projects\classstuff\prog50016gamearch\a2\project2.james.brooks\project2.james.brooks\x64\debug\gameobject.obj
c:\users\brookjam\class projects\classstuff\prog50016gamearch\a2\project2.james.brooks\project2.james.brooks\x64\debug\gameengine.obj
c:\users\brookjam\class projects\classstuff\prog50016gamearch\a2\project2.james.brooks\project2.james.brooks\x64\debug\filesystem.obj
c:\users\brookjam\class projects\classstuff\prog50016gamearch\a2\project2.james.brooks\project2.james.brooks\x64\debug\enemyai.obj
c:\users\brookjam\class projects\classstuff\prog50016gamearch\a2\project2.james.brooks\project2.james.brooks\x64\debug\componentmanager.obj
c:\users\brookjam\class projects\classstuff\prog50016gamearch\a2\project2.james.brooks\project2.james.brooks\x64\debug\component.obj
c:\users\brookjam\class projects\classstuff\prog50016gamearch\a2\project2.james.brooks\project2.james.brooks\x64\debug\bombfire.obj
c:\users\brookjam\class projects\classstuff\prog50016gamearch\a2\project2.james.brooks\project2.james.brooks\x64\debug\bomb.obj
c:\users\brookjam\class projects\classstuff\prog50016gamearch\a2\project2.james.brooks\project2.james.brooks\x64\debug\assetmanager.obj
c:\users\brookjam\class projects\classstuff\prog50016gamearch\a2\project2.james.brooks\project2.james.brooks\x64\debug\asset.obj
c:\users\brookjam\class projects\classstuff\prog50016gamearch\a2\project2.james.brooks\project2.james.brooks\x64\debug\animatedsprite.obj
c:\users\brookjam\class projects\classstuff\prog50016gamearch\a2\project2.james.brooks\x64\debug\project2.james.brooks.exe
c:\users\brookjam\class projects\classstuff\prog50016gamearch\a2\project2.james.brooks\x64\debug\project2.james.brooks.ilk
c:\users\brookjam\class projects\classstuff\prog50016gamearch\a2\project2.james.brooks\x64\debug\project2.james.brooks.pdb
c:\users\brookjam\class projects\classstuff\prog50016gamearch\a2\project2.james.brooks\project2.james.brooks\x64\debug\project2.93c77ed4.tlog\cl.command.1.tlog
c:\users\brookjam\class projects\classstuff\prog50016gamearch\a2\project2.james.brooks\project2.james.brooks\x64\debug\project2.93c77ed4.tlog\cl.read.1.tlog
c:\users\brookjam\class projects\classstuff\prog50016gamearch\a2\project2.james.brooks\project2.james.brooks\x64\debug\project2.93c77ed4.tlog\cl.write.1.tlog
c:\users\brookjam\class projects\classstuff\prog50016gamearch\a2\project2.james.brooks\project2.james.brooks\x64\debug\project2.93c77ed4.tlog\link.command.1.tlog
c:\users\brookjam\class projects\classstuff\prog50016gamearch\a2\project2.james.brooks\project2.james.brooks\x64\debug\project2.93c77ed4.tlog\link.read.1.tlog
c:\users\brookjam\class projects\classstuff\prog50016gamearch\a2\project2.james.brooks\project2.james.brooks\x64\debug\project2.93c77ed4.tlog\link.write.1.tlog
