c:\users\james\documents\github\classstuff\prog50016gamearch\a2\project2.james.brooks\project2.james.brooks\debug\project2.james.brooks.pch
c:\users\james\documents\github\classstuff\prog50016gamearch\a2\project2.james.brooks\project2.james.brooks\debug\vc141.pdb
c:\users\james\documents\github\classstuff\prog50016gamearch\a2\project2.james.brooks\project2.james.brooks\debug\vc141.idb
c:\users\james\documents\github\classstuff\prog50016gamearch\a2\project2.james.brooks\project2.james.brooks\debug\textureasset.obj
c:\users\james\documents\github\classstuff\prog50016gamearch\a2\project2.james.brooks\project2.james.brooks\debug\sprite.obj
c:\users\james\documents\github\classstuff\prog50016gamearch\a2\project2.james.brooks\project2.james.brooks\debug\rendersystem.obj
c:\users\james\documents\github\classstuff\prog50016gamearch\a2\project2.james.brooks\project2.james.brooks\debug\object.obj
c:\users\james\documents\github\classstuff\prog50016gamearch\a2\project2.james.brooks\project2.james.brooks\debug\main.obj
c:\users\james\documents\github\classstuff\prog50016gamearch\a2\project2.james.brooks\project2.james.brooks\debug\inputmanager.obj
c:\users\james\documents\github\classstuff\prog50016gamearch\a2\project2.james.brooks\project2.james.brooks\debug\gameobjectmanager.obj
c:\users\james\documents\github\classstuff\prog50016gamearch\a2\project2.james.brooks\project2.james.brooks\debug\gameobject.obj
c:\users\james\documents\github\classstuff\prog50016gamearch\a2\project2.james.brooks\project2.james.brooks\debug\gameengine.obj
c:\users\james\documents\github\classstuff\prog50016gamearch\a2\project2.james.brooks\project2.james.brooks\debug\filesystem.obj
c:\users\james\documents\github\classstuff\prog50016gamearch\a2\project2.james.brooks\project2.james.brooks\debug\component.obj
c:\users\james\documents\github\classstuff\prog50016gamearch\a2\project2.james.brooks\project2.james.brooks\debug\assetmanager.obj
c:\users\james\documents\github\classstuff\prog50016gamearch\a2\project2.james.brooks\project2.james.brooks\debug\asset.obj
c:\users\james\documents\github\classstuff\prog50016gamearch\a2\project2.james.brooks\project2.james.brooks\debug\tinyxml2.obj
c:\users\james\documents\github\classstuff\prog50016gamearch\a2\project2.james.brooks\debug\project2.james.brooks.ilk
c:\users\james\documents\github\classstuff\prog50016gamearch\a2\project2.james.brooks\debug\project2.james.brooks.exe
c:\users\james\documents\github\classstuff\prog50016gamearch\a2\project2.james.brooks\debug\project2.james.brooks.pdb
c:\users\james\documents\github\classstuff\prog50016gamearch\a2\project2.james.brooks\project2.james.brooks\debug\project2.93c77ed4.tlog\cl.command.1.tlog
c:\users\james\documents\github\classstuff\prog50016gamearch\a2\project2.james.brooks\project2.james.brooks\debug\project2.93c77ed4.tlog\cl.read.1.tlog
c:\users\james\documents\github\classstuff\prog50016gamearch\a2\project2.james.brooks\project2.james.brooks\debug\project2.93c77ed4.tlog\cl.write.1.tlog
c:\users\james\documents\github\classstuff\prog50016gamearch\a2\project2.james.brooks\project2.james.brooks\debug\project2.93c77ed4.tlog\link.command.1.tlog
c:\users\james\documents\github\classstuff\prog50016gamearch\a2\project2.james.brooks\project2.james.brooks\debug\project2.93c77ed4.tlog\link.read.1.tlog
c:\users\james\documents\github\classstuff\prog50016gamearch\a2\project2.james.brooks\project2.james.brooks\debug\project2.93c77ed4.tlog\link.write.1.tlog
