c:\users\brookjam\class projects\classstuff\prog50016gamearch\game engine\prog50016.gameengine\prog50016.gameengine\debug\vc141.pdb
c:\users\brookjam\class projects\classstuff\prog50016gamearch\game engine\prog50016.gameengine\prog50016.gameengine\debug\vc141.idb
c:\users\brookjam\class projects\classstuff\prog50016gamearch\game engine\prog50016.gameengine\prog50016.gameengine\debug\assetmanager.obj
c:\users\brookjam\class projects\classstuff\prog50016gamearch\game engine\prog50016.gameengine\prog50016.gameengine\debug\component.obj
c:\users\brookjam\class projects\classstuff\prog50016gamearch\game engine\prog50016.gameengine\prog50016.gameengine\debug\filesystem.obj
c:\users\brookjam\class projects\classstuff\prog50016gamearch\game engine\prog50016.gameengine\prog50016.gameengine\debug\gameengine.obj
c:\users\brookjam\class projects\classstuff\prog50016gamearch\game engine\prog50016.gameengine\prog50016.gameengine\debug\gameobject.obj
c:\users\brookjam\class projects\classstuff\prog50016gamearch\game engine\prog50016.gameengine\prog50016.gameengine\debug\gameobjectmanager.obj
c:\users\brookjam\class projects\classstuff\prog50016gamearch\game engine\prog50016.gameengine\prog50016.gameengine\debug\inputmanager.obj
c:\users\brookjam\class projects\classstuff\prog50016gamearch\game engine\prog50016.gameengine\prog50016.gameengine\debug\main.obj
c:\users\brookjam\class projects\classstuff\prog50016gamearch\game engine\prog50016.gameengine\prog50016.gameengine\debug\object.obj
c:\users\brookjam\class projects\classstuff\prog50016gamearch\game engine\prog50016.gameengine\prog50016.gameengine\debug\rendersystem.obj
c:\users\brookjam\class projects\classstuff\prog50016gamearch\game engine\prog50016.gameengine\prog50016.gameengine\debug\tinyxml2.obj
c:\users\brookjam\class projects\classstuff\prog50016gamearch\game engine\prog50016.gameengine\debug\prog50016.gameengine.ilk
c:\users\brookjam\class projects\classstuff\prog50016gamearch\game engine\prog50016.gameengine\debug\prog50016.gameengine.exe
c:\users\brookjam\class projects\classstuff\prog50016gamearch\game engine\prog50016.gameengine\debug\prog50016.gameengine.pdb
c:\users\brookjam\class projects\classstuff\prog50016gamearch\game engine\prog50016.gameengine\prog50016.gameengine\debug\prog5001.3badc08d.tlog\cl.command.1.tlog
c:\users\brookjam\class projects\classstuff\prog50016gamearch\game engine\prog50016.gameengine\prog50016.gameengine\debug\prog5001.3badc08d.tlog\cl.read.1.tlog
c:\users\brookjam\class projects\classstuff\prog50016gamearch\game engine\prog50016.gameengine\prog50016.gameengine\debug\prog5001.3badc08d.tlog\cl.write.1.tlog
c:\users\brookjam\class projects\classstuff\prog50016gamearch\game engine\prog50016.gameengine\prog50016.gameengine\debug\prog5001.3badc08d.tlog\link.command.1.tlog
c:\users\brookjam\class projects\classstuff\prog50016gamearch\game engine\prog50016.gameengine\prog50016.gameengine\debug\prog5001.3badc08d.tlog\link.read.1.tlog
c:\users\brookjam\class projects\classstuff\prog50016gamearch\game engine\prog50016.gameengine\prog50016.gameengine\debug\prog5001.3badc08d.tlog\link.write.1.tlog
