c:\users\james\documents\github\classstuff\prog54310graphanim\a2\jamesbrooksassignment2\jamesbrooksassignment2\debug\vc141.pdb
c:\users\james\documents\github\classstuff\prog54310graphanim\a2\jamesbrooksassignment2\jamesbrooksassignment2\debug\vc141.idb
c:\users\james\documents\github\classstuff\prog54310graphanim\a2\jamesbrooksassignment2\jamesbrooksassignment2\debug\camera.obj
c:\users\james\documents\github\classstuff\prog54310graphanim\a2\jamesbrooksassignment2\jamesbrooksassignment2\debug\lightcontainer.obj
c:\users\james\documents\github\classstuff\prog54310graphanim\a2\jamesbrooksassignment2\jamesbrooksassignment2\debug\main.obj
c:\users\james\documents\github\classstuff\prog54310graphanim\a2\jamesbrooksassignment2\jamesbrooksassignment2\debug\model.obj
c:\users\james\documents\github\classstuff\prog54310graphanim\a2\jamesbrooksassignment2\jamesbrooksassignment2\debug\modelcontainer.obj
c:\users\james\documents\github\classstuff\prog54310graphanim\a2\jamesbrooksassignment2\jamesbrooksassignment2\debug\shaderloader.obj
c:\users\james\documents\github\classstuff\prog54310graphanim\a2\jamesbrooksassignment2\jamesbrooksassignment2\debug\window.obj
c:\users\james\documents\github\classstuff\prog54310graphanim\a2\jamesbrooksassignment2\jamesbrooksassignment2\debug\shader.obj
c:\users\james\documents\github\classstuff\prog54310graphanim\a2\jamesbrooksassignment2\jamesbrooksassignment2\debug\light.obj
c:\users\james\documents\github\classstuff\prog54310graphanim\a2\jamesbrooksassignment2\bin\jamesbrooksassignment2.exe
c:\users\james\documents\github\classstuff\prog54310graphanim\a2\jamesbrooksassignment2\bin\jamesbrooksassignment2.ilk
c:\users\james\documents\github\classstuff\prog54310graphanim\a2\jamesbrooksassignment2\bin\jamesbrooksassignment2.pdb
c:\users\james\documents\github\classstuff\prog54310graphanim\a2\jamesbrooksassignment2\bin/jamesbrooksassignment2.pdb
c:\users\james\documents\github\classstuff\prog54310graphanim\a2\jamesbrooksassignment2\bin/jamesbrooksassignment2.exe
c:\users\james\documents\github\classstuff\prog54310graphanim\a2\jamesbrooksassignment2\bin/jamesbrooksassignment2.ilk
c:\users\james\documents\github\classstuff\prog54310graphanim\a2\jamesbrooksassignment2\jamesbrooksassignment2\debug\jamesbro.68ccfe59.tlog\cl.command.1.tlog
c:\users\james\documents\github\classstuff\prog54310graphanim\a2\jamesbrooksassignment2\jamesbrooksassignment2\debug\jamesbro.68ccfe59.tlog\cl.read.1.tlog
c:\users\james\documents\github\classstuff\prog54310graphanim\a2\jamesbrooksassignment2\jamesbrooksassignment2\debug\jamesbro.68ccfe59.tlog\cl.write.1.tlog
c:\users\james\documents\github\classstuff\prog54310graphanim\a2\jamesbrooksassignment2\jamesbrooksassignment2\debug\jamesbro.68ccfe59.tlog\link.command.1.tlog
c:\users\james\documents\github\classstuff\prog54310graphanim\a2\jamesbrooksassignment2\jamesbrooksassignment2\debug\jamesbro.68ccfe59.tlog\link.read.1.tlog
c:\users\james\documents\github\classstuff\prog54310graphanim\a2\jamesbrooksassignment2\jamesbrooksassignment2\debug\jamesbro.68ccfe59.tlog\link.write.1.tlog
