p1:-1 0 C:\\Users\\brookjam\\Perforce\\Workspace-brookjam-S142-3\\GDAP\\2017\\GroupProjects\\GDAP_F02\\MiniCapstone\\Assets\\Game\\Scenes\\Level1.unity
p1:-1 0 C:\\Users\\brookjam\\Perforce\\Workspace-brookjam-S142-3\\GDAP\\2017\\GroupProjects\\GDAP_F02\\MiniCapstone\\Assets\\Game\\Scenes\\Level1.unity.meta
p1:-1 0 C:\\Users\\brookjam\\Perforce\\Workspace-brookjam-S142-3\\GDAP\\2017\\GroupProjects\\GDAP_F02\\MiniCapstone\\Assets\\Game\\Animations\\Ninja.meta
p1:-1 0 C:\\Users\\brookjam\\Perforce\\Workspace-brookjam-S142-3\\GDAP\\2017\\GroupProjects\\GDAP_F02\\MiniCapstone\\Assets\\Game\\Animations\\Ninja\\Back.meta
p1:-1 0 C:\\Users\\brookjam\\Perforce\\Workspace-brookjam-S142-3\\GDAP\\2017\\GroupProjects\\GDAP_F02\\MiniCapstone\\Assets\\Game\\Animations\\Ninja\\Back\\Back_Hurt.anim
p1:-1 0 C:\\Users\\brookjam\\Perforce\\Workspace-brookjam-S142-3\\GDAP\\2017\\GroupProjects\\GDAP_F02\\MiniCapstone\\Assets\\Game\\Animations\\Ninja\\Back\\Back_Hurt.anim.meta
p1:-1 0 C:\\Users\\brookjam\\Perforce\\Workspace-brookjam-S142-3\\GDAP\\2017\\GroupProjects\\GDAP_F02\\MiniCapstone\\Assets\\Game\\Animations\\Ninja\\Back\\Back_Slashing.anim
p1:-1 0 C:\\Users\\brookjam\\Perforce\\Workspace-brookjam-S142-3\\GDAP\\2017\\GroupProjects\\GDAP_F02\\MiniCapstone\\Assets\\Game\\Animations\\Ninja\\Back\\Back_Slashing.anim.meta
p1:-1 0 C:\\Users\\brookjam\\Perforce\\Workspace-brookjam-S142-3\\GDAP\\2017\\GroupProjects\\GDAP_F02\\MiniCapstone\\Assets\\Game\\Animations\\Ninja\\Back\\Back_Walking.anim
p1:-1 0 C:\\Users\\brookjam\\Perforce\\Workspace-brookjam-S142-3\\GDAP\\2017\\GroupProjects\\GDAP_F02\\MiniCapstone\\Assets\\Game\\Animations\\Ninja\\Back\\Back_Walking.anim.meta
p1:-1 0 C:\\Users\\brookjam\\Perforce\\Workspace-brookjam-S142-3\\GDAP\\2017\\GroupProjects\\GDAP_F02\\MiniCapstone\\Assets\\Game\\Animations\\Ninja\\Front.meta
p1:-1 0 C:\\Users\\brookjam\\Perforce\\Workspace-brookjam-S142-3\\GDAP\\2017\\GroupProjects\\GDAP_F02\\MiniCapstone\\Assets\\Game\\Animations\\Ninja\\Front\\Front_Hurt.anim
p1:-1 0 C:\\Users\\brookjam\\Perforce\\Workspace-brookjam-S142-3\\GDAP\\2017\\GroupProjects\\GDAP_F02\\MiniCapstone\\Assets\\Game\\Animations\\Ninja\\Front\\Front_Hurt.anim.meta
p1:-1 0 C:\\Users\\brookjam\\Perforce\\Workspace-brookjam-S142-3\\GDAP\\2017\\GroupProjects\\GDAP_F02\\MiniCapstone\\Assets\\Game\\Animations\\Ninja\\Front\\Front_Slashing.anim
p1:-1 0 C:\\Users\\brookjam\\Perforce\\Workspace-brookjam-S142-3\\GDAP\\2017\\GroupProjects\\GDAP_F02\\MiniCapstone\\Assets\\Game\\Animations\\Ninja\\Front\\Front_Slashing.anim.meta
p1:-1 0 C:\\Users\\brookjam\\Perforce\\Workspace-brookjam-S142-3\\GDAP\\2017\\GroupProjects\\GDAP_F02\\MiniCapstone\\Assets\\Game\\Animations\\Ninja\\Front\\Front_Walking.anim
p1:-1 0 C:\\Users\\brookjam\\Perforce\\Workspace-brookjam-S142-3\\GDAP\\2017\\GroupProjects\\GDAP_F02\\MiniCapstone\\Assets\\Game\\Animations\\Ninja\\Front\\Front_Walking.anim.meta
p1:-1 0 C:\\Users\\brookjam\\Perforce\\Workspace-brookjam-S142-3\\GDAP\\2017\\GroupProjects\\GDAP_F02\\MiniCapstone\\Assets\\Game\\Animations\\Ninja\\Idle.meta
p1:-1 0 C:\\Users\\brookjam\\Perforce\\Workspace-brookjam-S142-3\\GDAP\\2017\\GroupProjects\\GDAP_F02\\MiniCapstone\\Assets\\Game\\Animations\\Ninja\\Idle\\Back_Idle.anim
p1:-1 0 C:\\Users\\brookjam\\Perforce\\Workspace-brookjam-S142-3\\GDAP\\2017\\GroupProjects\\GDAP_F02\\MiniCapstone\\Assets\\Game\\Animations\\Ninja\\Idle\\Back_Idle.anim.meta
p1:-1 0 C:\\Users\\brookjam\\Perforce\\Workspace-brookjam-S142-3\\GDAP\\2017\\GroupProjects\\GDAP_F02\\MiniCapstone\\Assets\\Game\\Animations\\Ninja\\Idle\\Front_Idle.anim
p1:-1 0 C:\\Users\\brookjam\\Perforce\\Workspace-brookjam-S142-3\\GDAP\\2017\\GroupProjects\\GDAP_F02\\MiniCapstone\\Assets\\Game\\Animations\\Ninja\\Idle\\Front_Idle.anim.meta
p1:-1 0 C:\\Users\\brookjam\\Perforce\\Workspace-brookjam-S142-3\\GDAP\\2017\\GroupProjects\\GDAP_F02\\MiniCapstone\\Assets\\Game\\Animations\\Ninja\\Idle\\Front_Idle_Blinking.anim
p1:-1 0 C:\\Users\\brookjam\\Perforce\\Workspace-brookjam-S142-3\\GDAP\\2017\\GroupProjects\\GDAP_F02\\MiniCapstone\\Assets\\Game\\Animations\\Ninja\\Idle\\Front_Idle_Blinking.anim.meta
p1:-1 0 C:\\Users\\brookjam\\Perforce\\Workspace-brookjam-S142-3\\GDAP\\2017\\GroupProjects\\GDAP_F02\\MiniCapstone\\Assets\\Game\\Animations\\Ninja\\Idle\\Left_Idle.anim
p1:-1 0 C:\\Users\\brookjam\\Perforce\\Workspace-brookjam-S142-3\\GDAP\\2017\\GroupProjects\\GDAP_F02\\MiniCapstone\\Assets\\Game\\Animations\\Ninja\\Idle\\Left_Idle.anim.meta
p1:-1 0 C:\\Users\\brookjam\\Perforce\\Workspace-brookjam-S142-3\\GDAP\\2017\\GroupProjects\\GDAP_F02\\MiniCapstone\\Assets\\Game\\Animations\\Ninja\\Idle\\Left_Idle_Blinking.anim
p1:-1 0 C:\\Users\\brookjam\\Perforce\\Workspace-brookjam-S142-3\\GDAP\\2017\\GroupProjects\\GDAP_F02\\MiniCapstone\\Assets\\Game\\Animations\\Ninja\\Idle\\Left_Idle_Blinking.anim.meta
p1:-1 0 C:\\Users\\brookjam\\Perforce\\Workspace-brookjam-S142-3\\GDAP\\2017\\GroupProjects\\GDAP_F02\\MiniCapstone\\Assets\\Game\\Animations\\Ninja\\Idle\\Right_Idle.anim
p1:-1 0 C:\\Users\\brookjam\\Perforce\\Workspace-brookjam-S142-3\\GDAP\\2017\\GroupProjects\\GDAP_F02\\MiniCapstone\\Assets\\Game\\Animations\\Ninja\\Idle\\Right_Idle.anim.meta
p1:-1 0 C:\\Users\\brookjam\\Perforce\\Workspace-brookjam-S142-3\\GDAP\\2017\\GroupProjects\\GDAP_F02\\MiniCapstone\\Assets\\Game\\Animations\\Ninja\\Idle\\Right_Idle_Blinking.anim
p1:-1 0 C:\\Users\\brookjam\\Perforce\\Workspace-brookjam-S142-3\\GDAP\\2017\\GroupProjects\\GDAP_F02\\MiniCapstone\\Assets\\Game\\Animations\\Ninja\\Idle\\Right_Idle_Blinking.anim.meta
p1:-1 0 C:\\Users\\brookjam\\Perforce\\Workspace-brookjam-S142-3\\GDAP\\2017\\GroupProjects\\GDAP_F02\\MiniCapstone\\Assets\\Game\\Animations\\Ninja\\Left.meta
p1:-1 0 C:\\Users\\brookjam\\Perforce\\Workspace-brookjam-S142-3\\GDAP\\2017\\GroupProjects\\GDAP_F02\\MiniCapstone\\Assets\\Game\\Animations\\Ninja\\Left\\Left_Hurt.anim
p1:-1 0 C:\\Users\\brookjam\\Perforce\\Workspace-brookjam-S142-3\\GDAP\\2017\\GroupProjects\\GDAP_F02\\MiniCapstone\\Assets\\Game\\Animations\\Ninja\\Left\\Left_Hurt.anim.meta
p1:-1 0 C:\\Users\\brookjam\\Perforce\\Workspace-brookjam-S142-3\\GDAP\\2017\\GroupProjects\\GDAP_F02\\MiniCapstone\\Assets\\Game\\Animations\\Ninja\\Left\\Left_Slashing.anim
p1:-1 0 C:\\Users\\brookjam\\Perforce\\Workspace-brookjam-S142-3\\GDAP\\2017\\GroupProjects\\GDAP_F02\\MiniCapstone\\Assets\\Game\\Animations\\Ninja\\Left\\Left_Slashing.anim.meta
p1:-1 0 C:\\Users\\brookjam\\Perforce\\Workspace-brookjam-S142-3\\GDAP\\2017\\GroupProjects\\GDAP_F02\\MiniCapstone\\Assets\\Game\\Animations\\Ninja\\Left\\Left_Walking.anim
p1:-1 0 C:\\Users\\brookjam\\Perforce\\Workspace-brookjam-S142-3\\GDAP\\2017\\GroupProjects\\GDAP_F02\\MiniCapstone\\Assets\\Game\\Animations\\Ninja\\Left\\Left_Walking.anim.meta
p1:-1 0 C:\\Users\\brookjam\\Perforce\\Workspace-brookjam-S142-3\\GDAP\\2017\\GroupProjects\\GDAP_F02\\MiniCapstone\\Assets\\Game\\Animations\\Ninja\\Right.meta
p1:-1 0 C:\\Users\\brookjam\\Perforce\\Workspace-brookjam-S142-3\\GDAP\\2017\\GroupProjects\\GDAP_F02\\MiniCapstone\\Assets\\Game\\Animations\\Ninja\\Right\\Right_Hurt.anim
p1:-1 0 C:\\Users\\brookjam\\Perforce\\Workspace-brookjam-S142-3\\GDAP\\2017\\GroupProjects\\GDAP_F02\\MiniCapstone\\Assets\\Game\\Animations\\Ninja\\Right\\Right_Hurt.anim.meta
p1:-1 0 C:\\Users\\brookjam\\Perforce\\Workspace-brookjam-S142-3\\GDAP\\2017\\GroupProjects\\GDAP_F02\\MiniCapstone\\Assets\\Game\\Animations\\Ninja\\Right\\Right_Slashing.anim
p1:-1 0 C:\\Users\\brookjam\\Perforce\\Workspace-brookjam-S142-3\\GDAP\\2017\\GroupProjects\\GDAP_F02\\MiniCapstone\\Assets\\Game\\Animations\\Ninja\\Right\\Right_Slashing.anim.meta
p1:-1 0 C:\\Users\\brookjam\\Perforce\\Workspace-brookjam-S142-3\\GDAP\\2017\\GroupProjects\\GDAP_F02\\MiniCapstone\\Assets\\Game\\Animations\\Ninja\\Right\\Right_Walking.anim
p1:-1 0 C:\\Users\\brookjam\\Perforce\\Workspace-brookjam-S142-3\\GDAP\\2017\\GroupProjects\\GDAP_F02\\MiniCapstone\\Assets\\Game\\Animations\\Ninja\\Right\\Right_Walking.anim.meta
p1:-1 0 C:\\Users\\brookjam\\Perforce\\Workspace-brookjam-S142-3\\GDAP\\2017\\GroupProjects\\GDAP_F02\\MiniCapstone\\Assets\\Game\\Animators\\Controllers\\NinjaController.controller
p1:-1 0 C:\\Users\\brookjam\\Perforce\\Workspace-brookjam-S142-3\\GDAP\\2017\\GroupProjects\\GDAP_F02\\MiniCapstone\\Assets\\Game\\Animators\\Controllers\\NinjaController.controller.meta
p1:-1 0 C:\\Users\\brookjam\\Perforce\\Workspace-brookjam-S142-3\\GDAP\\2017\\GroupProjects\\GDAP_F02\\MiniCapstone\\Assets\\Game\\Art\\Textures\\Ninja.png
p1:-1 0 C:\\Users\\brookjam\\Perforce\\Workspace-brookjam-S142-3\\GDAP\\2017\\GroupProjects\\GDAP_F02\\MiniCapstone\\Assets\\Game\\Art\\Textures\\Ninja.png.meta
p1:-1 0 C:\\Users\\brookjam\\Perforce\\Workspace-brookjam-S142-3\\GDAP\\2017\\GroupProjects\\GDAP_F02\\MiniCapstone\\Assets\\Game\\Prefabs.meta
p1:-1 0 C:\\Users\\brookjam\\Perforce\\Workspace-brookjam-S142-3\\GDAP\\2017\\GroupProjects\\GDAP_F02\\MiniCapstone\\Assets\\Game\\Prefabs\\Ninja.prefab
p1:-1 0 C:\\Users\\brookjam\\Perforce\\Workspace-brookjam-S142-3\\GDAP\\2017\\GroupProjects\\GDAP_F02\\MiniCapstone\\Assets\\Game\\Prefabs\\Ninja.prefab.meta
p1:-1 0 C:\\Users\\brookjam\\Perforce\\Workspace-brookjam-S142-3\\GDAP\\2017\\GroupProjects\\GDAP_F02\\MiniCapstone\\Assets\\Game\\Scenes\\Level2.unity
p1:-1 0 C:\\Users\\brookjam\\Perforce\\Workspace-brookjam-S142-3\\GDAP\\2017\\GroupProjects\\GDAP_F02\\MiniCapstone\\Assets\\Game\\Scenes\\Level2.unity.meta
p1:-1 0 C:\\Users\\brookjam\\Perforce\\Workspace-brookjam-S142-3\\GDAP\\2017\\GroupProjects\\GDAP_F02\\MiniCapstone\\Assets\\Game\\Scriptable Objects.meta
p1:-1 0 C:\\Users\\brookjam\\Perforce\\Workspace-brookjam-S142-3\\GDAP\\2017\\GroupProjects\\GDAP_F02\\MiniCapstone\\Assets\\Game\\Scriptable Objects\\AxisX.asset
p1:-1 0 C:\\Users\\brookjam\\Perforce\\Workspace-brookjam-S142-3\\GDAP\\2017\\GroupProjects\\GDAP_F02\\MiniCapstone\\Assets\\Game\\Scriptable Objects\\AxisX.asset.meta
p1:-1 0 C:\\Users\\brookjam\\Perforce\\Workspace-brookjam-S142-3\\GDAP\\2017\\GroupProjects\\GDAP_F02\\MiniCapstone\\Assets\\Game\\Scriptable Objects\\AxisY.asset
p1:-1 0 C:\\Users\\brookjam\\Perforce\\Workspace-brookjam-S142-3\\GDAP\\2017\\GroupProjects\\GDAP_F02\\MiniCapstone\\Assets\\Game\\Scriptable Objects\\AxisY.asset.meta
p1:-1 0 C:\\Users\\brookjam\\Perforce\\Workspace-brookjam-S142-3\\GDAP\\2017\\GroupProjects\\GDAP_F02\\MiniCapstone\\Assets\\Game\\Scriptable Objects\\Player - Speed.asset
p1:-1 0 C:\\Users\\brookjam\\Perforce\\Workspace-brookjam-S142-3\\GDAP\\2017\\GroupProjects\\GDAP_F02\\MiniCapstone\\Assets\\Game\\Scriptable Objects\\Player - Speed.asset.meta
p1:-1 0 C:\\Users\\brookjam\\Perforce\\Workspace-brookjam-S142-3\\GDAP\\2017\\GroupProjects\\GDAP_F02\\MiniCapstone\\Assets\\Game\\Scripts\\Mixins\\MonoEvent.cs
p1:-1 0 C:\\Users\\brookjam\\Perforce\\Workspace-brookjam-S142-3\\GDAP\\2017\\GroupProjects\\GDAP_F02\\MiniCapstone\\Assets\\Game\\Scripts\\Mixins\\MonoEvent.cs.meta
p1:-1 0 C:\\Users\\brookjam\\Perforce\\Workspace-brookjam-S142-3\\GDAP\\2017\\GroupProjects\\GDAP_F02\\MiniCapstone\\Assets\\Game\\Scripts\\Mixins\\PlayerMovement.cs
p1:-1 0 C:\\Users\\brookjam\\Perforce\\Workspace-brookjam-S142-3\\GDAP\\2017\\GroupProjects\\GDAP_F02\\MiniCapstone\\Assets\\Game\\Scripts\\Mixins\\PlayerMovement.cs.meta
p1:-1 0 C:\\Users\\brookjam\\Perforce\\Workspace-brookjam-S142-3\\GDAP\\2017\\GroupProjects\\GDAP_F02\\MiniCapstone\\Assets\\Game\\Scripts\\Scriptable Objects.meta
p1:-1 0 C:\\Users\\brookjam\\Perforce\\Workspace-brookjam-S142-3\\GDAP\\2017\\GroupProjects\\GDAP_F02\\MiniCapstone\\Assets\\Game\\Scripts\\Scriptable Objects\\FloatVar.cs
p1:-1 0 C:\\Users\\brookjam\\Perforce\\Workspace-brookjam-S142-3\\GDAP\\2017\\GroupProjects\\GDAP_F02\\MiniCapstone\\Assets\\Game\\Scripts\\Scriptable Objects\\FloatVar.cs.meta
p1:-1 0 C:\\Users\\brookjam\\Perforce\\Workspace-brookjam-S142-3\\GDAP\\2017\\GroupProjects\\GDAP_F02\\MiniCapstone\\Assets\\Game\\Scripts\\Scriptable Objects\\Variable.cs
p1:-1 0 C:\\Users\\brookjam\\Perforce\\Workspace-brookjam-S142-3\\GDAP\\2017\\GroupProjects\\GDAP_F02\\MiniCapstone\\Assets\\Game\\Scripts\\Scriptable Objects\\Variable.cs.meta
p1:-1 0 Change 17681 created with 5 open file(s).
p1:-1 0 Submitting change 17681.
p1:-1 0 Locking 5 files ...
p1:-1 0 add //depot/GDAP/2017/GroupProjects/GDAP_F02/MiniCapstone/Assets/Game/Scenes/Levels.meta#1
p1:-1 0 add //depot/GDAP/2017/GroupProjects/GDAP_F02/MiniCapstone/Assets/Game/Scenes/Levels/TestArena2.unity#1
p1:-1 0 add //depot/GDAP/2017/GroupProjects/GDAP_F02/MiniCapstone/Assets/Game/Scenes/Levels/TestArena2.unity.meta#1
p1:-1 0 add //depot/GDAP/2017/GroupProjects/GDAP_F02/MiniCapstone/Assets/Game/Scripts/DummyRotate.cs#1
p1:-1 0 add //depot/GDAP/2017/GroupProjects/GDAP_F02/MiniCapstone/Assets/Game/Scripts/DummyRotate.cs.meta#1
p1:-1 0 Change 17681 submitted.
p1:-1 0 Change 17880 created with 2 open file(s).
p1:-1 0 Submitting change 17880.
p1:-1 0 Locking 2 files ...
p1:-1 0 edit //depot/GDAP/2017/GroupProjects/GDAP_F02/MiniCapstone/Assets/Game/Prefabs/Ninja.prefab#2
p1:-1 0 edit //depot/GDAP/2017/GroupProjects/GDAP_F02/MiniCapstone/Assets/Game/Prefabs/Ninja.prefab.meta#2
p1:-1 0 Change 17880 submitted.
p1:-1 0 Change 17881 created with 21 open file(s).
p1:-1 0 Submitting change 17881.
p1:-1 0 Locking 21 files ...
p1:-1 0 add //depot/GDAP/2017/GroupProjects/GDAP_F02/MiniCapstone/Assets/Game/Art/Materials.meta#1
p1:-1 0 add //depot/GDAP/2017/GroupProjects/GDAP_F02/MiniCapstone/Assets/Game/Art/Materials/Brown.mat#1
p1:-1 0 add //depot/GDAP/2017/GroupProjects/GDAP_F02/MiniCapstone/Assets/Game/Art/Materials/Brown.mat.meta#1
p1:-1 0 add //depot/GDAP/2017/GroupProjects/GDAP_F02/MiniCapstone/Assets/Game/Art/Materials/Green.mat#1
p1:-1 0 add //depot/GDAP/2017/GroupProjects/GDAP_F02/MiniCapstone/Assets/Game/Art/Materials/Green.mat.meta#1
p1:-1 0 add //depot/GDAP/2017/GroupProjects/GDAP_F02/MiniCapstone/Assets/Game/Prefabs/Character.meta#1
p1:-1 0 add //depot/GDAP/2017/GroupProjects/GDAP_F02/MiniCapstone/Assets/Game/Prefabs/Character/CharacterBox.prefab#1
p1:-1 0 add //depot/GDAP/2017/GroupProjects/GDAP_F02/MiniCapstone/Assets/Game/Prefabs/Character/CharacterBox.prefab.meta#1
p1:-1 0 move/add //depot/GDAP/2017/GroupProjects/GDAP_F02/MiniCapstone/Assets/Game/Prefabs/Character/Ninja.prefab#1
p1:-1 0 move/add //depot/GDAP/2017/GroupProjects/GDAP_F02/MiniCapstone/Assets/Game/Prefabs/Character/Ninja.prefab.meta#1
p1:-1 0 move/delete //depot/GDAP/2017/GroupProjects/GDAP_F02/MiniCapstone/Assets/Game/Prefabs/Ninja.prefab#3
p1:-1 0 move/delete //depot/GDAP/2017/GroupProjects/GDAP_F02/MiniCapstone/Assets/Game/Prefabs/Ninja.prefab.meta#3
p1:-1 0 add //depot/GDAP/2017/GroupProjects/GDAP_F02/MiniCapstone/Assets/Game/Scenes/TestingLevels.meta#1
p1:-1 0 add //depot/GDAP/2017/GroupProjects/GDAP_F02/MiniCapstone/Assets/Game/Scenes/TestingLevels/SplineTesting.unity#1
p1:-1 0 add //depot/GDAP/2017/GroupProjects/GDAP_F02/MiniCapstone/Assets/Game/Scenes/TestingLevels/SplineTesting.unity.meta#1
p1:-1 0 edit //depot/GDAP/2017/GroupProjects/GDAP_F02/MiniCapstone/Assets/Game/Scriptable Objects/Player - Speed.asset#2
p1:-1 0 edit //depot/GDAP/2017/GroupProjects/GDAP_F02/MiniCapstone/Assets/Game/Scriptable Objects/Player - Speed.asset.meta#2
p1:-1 0 edit //depot/GDAP/2017/GroupProjects/GDAP_F02/MiniCapstone/Assets/Game/Scripts/Mixins/PlayerMovement.cs#2
p1:-1 0 edit //depot/GDAP/2017/GroupProjects/GDAP_F02/MiniCapstone/Assets/Game/Scripts/Mixins/PlayerMovement.cs.meta#2
p1:-1 0 edit //depot/GDAP/2017/GroupProjects/GDAP_F02/MiniCapstone/Assets/Tools/Spline/Spline.cs#4
p1:-1 0 edit //depot/GDAP/2017/GroupProjects/GDAP_F02/MiniCapstone/Assets/Tools/Spline/Spline.cs.meta#4
p1:-1 0 Change 17881 submitted.
p1:-1 0 Change 17882 created with 14 open file(s).
p1:-1 0 Submitting change 17882.
p1:-1 0 Locking 14 files ...
p1:-1 0 edit //depot/GDAP/2017/GroupProjects/GDAP_F02/MiniCapstone/Assets/Game/Prefabs/Character/CharacterBox.prefab#2
p1:-1 0 edit //depot/GDAP/2017/GroupProjects/GDAP_F02/MiniCapstone/Assets/Game/Prefabs/Character/CharacterBox.prefab.meta#2
p1:-1 0 edit //depot/GDAP/2017/GroupProjects/GDAP_F02/MiniCapstone/Assets/Game/Scenes/TestingLevels/SplineTesting.unity#2
p1:-1 0 edit //depot/GDAP/2017/GroupProjects/GDAP_F02/MiniCapstone/Assets/Game/Scenes/TestingLevels/SplineTesting.unity.meta#2
p1:-1 0 add //depot/GDAP/2017/GroupProjects/GDAP_F02/MiniCapstone/Assets/Game/Scriptable Objects/Player - JumpHeight.asset#1
p1:-1 0 add //depot/GDAP/2017/GroupProjects/GDAP_F02/MiniCapstone/Assets/Game/Scriptable Objects/Player - JumpHeight.asset.meta#1
p1:-1 0 move/delete //depot/GDAP/2017/GroupProjects/GDAP_F02/MiniCapstone/Assets/Game/Scripts/Mixins/PlayerMovement.cs#3
p1:-1 0 move/delete //depot/GDAP/2017/GroupProjects/GDAP_F02/MiniCapstone/Assets/Game/Scripts/Mixins/PlayerMovement.cs.meta#3
p1:-1 0 move/add //depot/GDAP/2017/GroupProjects/GDAP_F02/MiniCapstone/Assets/Game/Scripts/PlayerMovement.cs#1
p1:-1 0 move/add //depot/GDAP/2017/GroupProjects/GDAP_F02/MiniCapstone/Assets/Game/Scripts/PlayerMovement.cs.meta#1
p1:-1 0 edit //depot/GDAP/2017/GroupProjects/GDAP_F02/MiniCapstone/Assets/Tools/Spline/Spline.cs#5
p1:-1 0 edit //depot/GDAP/2017/GroupProjects/GDAP_F02/MiniCapstone/Assets/Tools/Spline/Spline.cs.meta#5
p1:-1 0 edit //depot/GDAP/2017/GroupProjects/GDAP_F02/MiniCapstone/Assets/Tools/Spline/SplineObject.cs#3
p1:-1 0 edit //depot/GDAP/2017/GroupProjects/GDAP_F02/MiniCapstone/Assets/Tools/Spline/SplineObject.cs.meta#3
p1:-1 0 Change 17882 submitted.
p1:-1 0 Change 17883 created with 2 open file(s).
p1:-1 0 Submitting change 17883.
p1:-1 0 Locking 2 files ...
p1:-1 0 edit //depot/GDAP/2017/GroupProjects/GDAP_F02/MiniCapstone/Assets/Game/Prefabs/Character/CharacterBox.prefab#3
p1:-1 0 edit //depot/GDAP/2017/GroupProjects/GDAP_F02/MiniCapstone/Assets/Game/Prefabs/Character/CharacterBox.prefab.meta#3
p1:-1 0 Change 17883 submitted.
p1:-1 0 Change 17884 created with 12 open file(s).
p1:-1 0 Submitting change 17884.
p1:-1 0 Locking 12 files ...
p1:-1 0 edit //depot/GDAP/2017/GroupProjects/GDAP_F02/MiniCapstone/Assets/Game/Prefabs/Character/CharacterBox.prefab#4
p1:-1 0 edit //depot/GDAP/2017/GroupProjects/GDAP_F02/MiniCapstone/Assets/Game/Prefabs/Character/CharacterBox.prefab.meta#4
p1:-1 0 edit //depot/GDAP/2017/GroupProjects/GDAP_F02/MiniCapstone/Assets/Game/Scenes/TestingLevels/SplineTesting.unity#3
p1:-1 0 edit //depot/GDAP/2017/GroupProjects/GDAP_F02/MiniCapstone/Assets/Game/Scenes/TestingLevels/SplineTesting.unity.meta#3
p1:-1 0 delete //depot/GDAP/2017/GroupProjects/GDAP_F02/MiniCapstone/Assets/Game/Scripts/DummyTest.cs#2
p1:-1 0 delete //depot/GDAP/2017/GroupProjects/GDAP_F02/MiniCapstone/Assets/Game/Scripts/DummyTest.cs.meta#2
p1:-1 0 edit //depot/GDAP/2017/GroupProjects/GDAP_F02/MiniCapstone/Assets/Game/Scripts/PlayerMovement.cs#2
p1:-1 0 edit //depot/GDAP/2017/GroupProjects/GDAP_F02/MiniCapstone/Assets/Game/Scripts/PlayerMovement.cs.meta#2
p1:-1 0 edit //depot/GDAP/2017/GroupProjects/GDAP_F02/MiniCapstone/Assets/Tools/Spline/Spline.cs#6
p1:-1 0 edit //depot/GDAP/2017/GroupProjects/GDAP_F02/MiniCapstone/Assets/Tools/Spline/Spline.cs.meta#6
p1:-1 0 edit //depot/GDAP/2017/GroupProjects/GDAP_F02/MiniCapstone/Assets/Tools/Spline/SplineObject.cs#4
p1:-1 0 edit //depot/GDAP/2017/GroupProjects/GDAP_F02/MiniCapstone/Assets/Tools/Spline/SplineObject.cs.meta#4
p1:-1 0 Change 17884 submitted.
p1:-1 0 C:\\Users\\brookjam\\Perforce\\Workspace-brookjam-S142-3\\GDAP\\2017\\GroupProjects\\GDAP_F02\\MiniCapstone\\Assets\\Game\\Art\\Textures\\terrain_459090.jpg
p1:-1 0 C:\\Users\\brookjam\\Perforce\\Workspace-brookjam-S142-3\\GDAP\\2017\\GroupProjects\\GDAP_F02\\MiniCapstone\\Assets\\Game\\Art\\Textures\\terrain_459090.jpg.meta
p1:-1 0 C:\\Users\\brookjam\\Perforce\\Workspace-brookjam-S142-3\\GDAP\\2017\\GroupProjects\\GDAP_F02\\MiniCapstone\\Assets\\Game\\Prefabs\\Blocks.meta
p1:-1 0 C:\\Users\\brookjam\\Perforce\\Workspace-brookjam-S142-3\\GDAP\\2017\\GroupProjects\\GDAP_F02\\MiniCapstone\\Assets\\Game\\Prefabs\\Blocks\\Grass-Block.fbx
p1:-1 0 C:\\Users\\brookjam\\Perforce\\Workspace-brookjam-S142-3\\GDAP\\2017\\GroupProjects\\GDAP_F02\\MiniCapstone\\Assets\\Game\\Prefabs\\Blocks\\Grass-Block.fbx.meta
p1:-1 0 C:\\Users\\brookjam\\Perforce\\Workspace-brookjam-S142-3\\GDAP\\2017\\GroupProjects\\GDAP_F02\\MiniCapstone\\Assets\\Game\\Prefabs\\Blocks\\Rock-Block.fbx
p1:-1 0 C:\\Users\\brookjam\\Perforce\\Workspace-brookjam-S142-3\\GDAP\\2017\\GroupProjects\\GDAP_F02\\MiniCapstone\\Assets\\Game\\Prefabs\\Blocks\\Rock-Block.fbx.meta
p1:-1 0 C:\\Users\\brookjam\\Perforce\\Workspace-brookjam-S142-3\\GDAP\\2017\\GroupProjects\\GDAP_F02\\MiniCapstone\\Assets\\Game\\Prefabs\\Blocks\\Wood-Block.fbx
p1:-1 0 C:\\Users\\brookjam\\Perforce\\Workspace-brookjam-S142-3\\GDAP\\2017\\GroupProjects\\GDAP_F02\\MiniCapstone\\Assets\\Game\\Prefabs\\Blocks\\Wood-Block.fbx.meta
p1:-1 0 Change 17886 created with 4 open file(s).
p1:-1 0 Submitting change 17886.
p1:-1 0 Locking 4 files ...
p1:-1 0 edit //depot/GDAP/2017/GroupProjects/GDAP_F02/MiniCapstone/Assets/Game/Scenes/TestingLevels/SplineTesting.unity#4
p1:-1 0 edit //depot/GDAP/2017/GroupProjects/GDAP_F02/MiniCapstone/Assets/Game/Scenes/TestingLevels/SplineTesting.unity.meta#4
p1:-1 0 edit //depot/GDAP/2017/GroupProjects/GDAP_F02/MiniCapstone/Assets/Tools/Spline/SplineObject.cs#5
p1:-1 0 edit //depot/GDAP/2017/GroupProjects/GDAP_F02/MiniCapstone/Assets/Tools/Spline/SplineObject.cs.meta#5
p1:-1 0 Change 17886 submitted.
p1:-1 0 Change 17889 created with 2 open file(s).
p1:-1 0 Submitting change 17889.
p1:-1 0 Locking 2 files ...
p1:-1 0 edit //depot/GDAP/2017/GroupProjects/GDAP_F02/MiniCapstone/Assets/Tools/Spline/SplineObject.cs#6
p1:-1 0 edit //depot/GDAP/2017/GroupProjects/GDAP_F02/MiniCapstone/Assets/Tools/Spline/SplineObject.cs.meta#6
p1:-1 0 Change 17889 submitted.
p1:-1 0 C:\\Users\\brookjam\\Perforce\\Workspace-brookjam-S142-3\\GDAP\\2017\\GroupProjects\\GDAP_F02\\MiniCapstone\\Assets\\Game\\Prefabs\\Blocks\\Grass-Block.fbx
p1:-1 0 C:\\Users\\brookjam\\Perforce\\Workspace-brookjam-S142-3\\GDAP\\2017\\GroupProjects\\GDAP_F02\\MiniCapstone\\Assets\\Game\\Prefabs\\Blocks\\Grass-Block.fbx.meta
p1:-1 0 C:\\Users\\brookjam\\Perforce\\Workspace-brookjam-S142-3\\GDAP\\2017\\GroupProjects\\GDAP_F02\\MiniCapstone\\Assets\\Game\\Prefabs\\Blocks\\Rock-Block.fbx
p1:-1 0 C:\\Users\\brookjam\\Perforce\\Workspace-brookjam-S142-3\\GDAP\\2017\\GroupProjects\\GDAP_F02\\MiniCapstone\\Assets\\Game\\Prefabs\\Blocks\\Rock-Block.fbx.meta
p1:-1 0 C:\\Users\\brookjam\\Perforce\\Workspace-brookjam-S142-3\\GDAP\\2017\\GroupProjects\\GDAP_F02\\MiniCapstone\\Assets\\Game\\Prefabs\\Blocks\\Wood-Block.fbx
p1:-1 0 C:\\Users\\brookjam\\Perforce\\Workspace-brookjam-S142-3\\GDAP\\2017\\GroupProjects\\GDAP_F02\\MiniCapstone\\Assets\\Game\\Prefabs\\Blocks\\Wood-Block.fbx.meta
p1:-1 0 C:\\Users\\brookjam\\Perforce\\Workspace-brookjam-S142-3\\GDAP\\2017\\GroupProjects\\GDAP_F02\\MiniCapstone\\Assets\\Game\\Prefabs\\Blocks\\Grass-Block-LRG.fbx
p1:-1 0 C:\\Users\\brookjam\\Perforce\\Workspace-brookjam-S142-3\\GDAP\\2017\\GroupProjects\\GDAP_F02\\MiniCapstone\\Assets\\Game\\Prefabs\\Blocks\\Grass-Block-LRG.fbx.meta
p1:-1 0 C:\\Users\\brookjam\\Perforce\\Workspace-brookjam-S142-3\\GDAP\\2017\\GroupProjects\\GDAP_F02\\MiniCapstone\\Assets\\Game\\Prefabs\\Blocks\\Rock-Block-LRG.fbx
p1:-1 0 C:\\Users\\brookjam\\Perforce\\Workspace-brookjam-S142-3\\GDAP\\2017\\GroupProjects\\GDAP_F02\\MiniCapstone\\Assets\\Game\\Prefabs\\Blocks\\Rock-Block-LRG.fbx.meta
p1:-1 0 C:\\Users\\brookjam\\Perforce\\Workspace-brookjam-S142-3\\GDAP\\2017\\GroupProjects\\GDAP_F02\\MiniCapstone\\Assets\\Game\\Prefabs\\Blocks\\Wood-Block-LRG.fbx
p1:-1 0 C:\\Users\\brookjam\\Perforce\\Workspace-brookjam-S142-3\\GDAP\\2017\\GroupProjects\\GDAP_F02\\MiniCapstone\\Assets\\Game\\Prefabs\\Blocks\\Wood-Block-LRG.fbx.meta
p1:-1 0 C:\\Users\\brookjam\\Perforce\\Workspace-brookjam-S142-3\\GDAP\\2017\\GroupProjects\\GDAP_F02\\MiniCapstone\\Assets\\Game\\Scenes\\Levels\\Level - 001 - Art.unity
p1:-1 0 C:\\Users\\brookjam\\Perforce\\Workspace-brookjam-S142-3\\GDAP\\2017\\GroupProjects\\GDAP_F02\\MiniCapstone\\Assets\\Game\\Scenes\\Levels\\Level - 001 - Art.unity.meta
p1:-1 0 C:\\Users\\brookjam\\Perforce\\Workspace-brookjam-S142-3\\GDAP\\2017\\GroupProjects\\GDAP_F02\\MiniCapstone\\Assets\\Game\\Scenes\\Levels\\TestArena1.unity
p1:-1 0 C:\\Users\\brookjam\\Perforce\\Workspace-brookjam-S142-3\\GDAP\\2017\\GroupProjects\\GDAP_F02\\MiniCapstone\\Assets\\Game\\Scenes\\Levels\\TestArena1.unity.meta
p1:-1 0 Change 17901 created with 17 open file(s).
p1:-1 0 Submitting change 17901.
p1:-1 0 Locking 17 files ...
p1:-1 0 add //depot/GDAP/2017/GroupProjects/GDAP_F02/MiniCapstone/Assets/Game/Prefabs/SplineTransfering.meta#1
p1:-1 0 add //depot/GDAP/2017/GroupProjects/GDAP_F02/MiniCapstone/Assets/Game/Prefabs/SplineTransfering/JumpDownZone.prefab#1
p1:-1 0 add //depot/GDAP/2017/GroupProjects/GDAP_F02/MiniCapstone/Assets/Game/Prefabs/SplineTransfering/JumpDownZone.prefab.meta#1
p1:-1 0 add //depot/GDAP/2017/GroupProjects/GDAP_F02/MiniCapstone/Assets/Game/Prefabs/SplineTransfering/TransferPoint.prefab#1
p1:-1 0 add //depot/GDAP/2017/GroupProjects/GDAP_F02/MiniCapstone/Assets/Game/Prefabs/SplineTransfering/TransferPoint.prefab.meta#1
p1:-1 0 edit //depot/GDAP/2017/GroupProjects/GDAP_F02/MiniCapstone/Assets/Game/Scenes/TestingLevels/SplineTesting.unity#7
p1:-1 0 edit //depot/GDAP/2017/GroupProjects/GDAP_F02/MiniCapstone/Assets/Game/Scenes/TestingLevels/SplineTesting.unity.meta#7
p1:-1 0 add //depot/GDAP/2017/GroupProjects/GDAP_F02/MiniCapstone/Assets/Game/Scripts/Character/JumpDownZone.cs#1
p1:-1 0 add //depot/GDAP/2017/GroupProjects/GDAP_F02/MiniCapstone/Assets/Game/Scripts/Character/JumpDownZone.cs.meta#1
p1:-1 0 move/add //depot/GDAP/2017/GroupProjects/GDAP_F02/MiniCapstone/Assets/Game/Scripts/Character/PlayerMovement.cs#1
p1:-1 0 move/add //depot/GDAP/2017/GroupProjects/GDAP_F02/MiniCapstone/Assets/Game/Scripts/Character/PlayerMovement.cs.meta#1
p1:-1 0 move/add //depot/GDAP/2017/GroupProjects/GDAP_F02/MiniCapstone/Assets/Game/Scripts/Character/SplineTransfer.cs#1
p1:-1 0 move/add //depot/GDAP/2017/GroupProjects/GDAP_F02/MiniCapstone/Assets/Game/Scripts/Character/SplineTransfer.cs.meta#1
p1:-1 0 move/delete //depot/GDAP/2017/GroupProjects/GDAP_F02/MiniCapstone/Assets/Game/Scripts/PlayerMovement.cs#4
p1:-1 0 move/delete //depot/GDAP/2017/GroupProjects/GDAP_F02/MiniCapstone/Assets/Game/Scripts/PlayerMovement.cs.meta#4
p1:-1 0 move/delete //depot/GDAP/2017/GroupProjects/GDAP_F02/MiniCapstone/Assets/Game/Scripts/SplineTransfer.cs#2
p1:-1 0 move/delete //depot/GDAP/2017/GroupProjects/GDAP_F02/MiniCapstone/Assets/Game/Scripts/SplineTransfer.cs.meta#2
p1:-1 0 Change 17901 submitted.
p1:-1 0 Change 17902 created with 6 open file(s).
p1:-1 0 Submitting change 17902.
p1:-1 0 Locking 6 files ...
p1:-1 0 edit //depot/GDAP/2017/GroupProjects/GDAP_F02/MiniCapstone/Assets/Game/Prefabs/Character/CharacterBox.prefab#6
p1:-1 0 edit //depot/GDAP/2017/GroupProjects/GDAP_F02/MiniCapstone/Assets/Game/Prefabs/Character/CharacterBox.prefab.meta#6
p1:-1 0 edit //depot/GDAP/2017/GroupProjects/GDAP_F02/MiniCapstone/Assets/Game/Prefabs/Character/Ninja.prefab#3
p1:-1 0 edit //depot/GDAP/2017/GroupProjects/GDAP_F02/MiniCapstone/Assets/Game/Prefabs/Character/Ninja.prefab.meta#2
p1:-1 0 edit //depot/GDAP/2017/GroupProjects/GDAP_F02/MiniCapstone/Assets/Game/Scenes/TestingLevels/SplineTesting.unity#8
p1:-1 0 edit //depot/GDAP/2017/GroupProjects/GDAP_F02/MiniCapstone/Assets/Game/Scenes/TestingLevels/SplineTesting.unity.meta#8
p1:-1 0 Change 17902 submitted.
p1:-1 0 C:\\Users\\brookjam\\Perforce\\Workspace-brookjam-S142-3\\GDAP\\2017\\GroupProjects\\GDAP_F02\\MiniCapstone\\Assets\\Game\\Scenes\\Levels\\TestArena1.unity
p1:-1 0 C:\\Users\\brookjam\\Perforce\\Workspace-brookjam-S142-3\\GDAP\\2017\\GroupProjects\\GDAP_F02\\MiniCapstone\\Assets\\Game\\Scenes\\Levels\\TestArena1.unity.meta
p1:-1 0 C:\\Users\\brookjam\\Perforce\\Workspace-brookjam-S142-3\\GDAP\\2017\\GroupProjects\\GDAP_F02\\MiniCapstone\\Assets\\Game\\Scenes\\Levels\\TestArena2.unity
p1:-1 0 C:\\Users\\brookjam\\Perforce\\Workspace-brookjam-S142-3\\GDAP\\2017\\GroupProjects\\GDAP_F02\\MiniCapstone\\Assets\\Game\\Scenes\\Levels\\TestArena2.unity.meta
p1:-1 0 C:\\Users\\brookjam\\Perforce\\Workspace-brookjam-S142-3\\GDAP\\2017\\GroupProjects\\GDAP_F02\\MiniCapstone\\Assets\\Game\\Animators\\Controllers\\NinjaController.controller
p1:-1 0 C:\\Users\\brookjam\\Perforce\\Workspace-brookjam-S142-3\\GDAP\\2017\\GroupProjects\\GDAP_F02\\MiniCapstone\\Assets\\Game\\Prefabs\\Blocks\\Rock-Wall.prefab
p1:-1 0 C:\\Users\\brookjam\\Perforce\\Workspace-brookjam-S142-3\\GDAP\\2017\\GroupProjects\\GDAP_F02\\MiniCapstone\\Assets\\Game\\Prefabs\\Blocks\\Rock-Wall.prefab.meta
p1:-1 0 C:\\Users\\brookjam\\Perforce\\Workspace-brookjam-S142-3\\GDAP\\2017\\GroupProjects\\GDAP_F02\\MiniCapstone\\Assets\\Game\\Prefabs\\Blocks\\Tree_1-Fall.prefab
p1:-1 0 C:\\Users\\brookjam\\Perforce\\Workspace-brookjam-S142-3\\GDAP\\2017\\GroupProjects\\GDAP_F02\\MiniCapstone\\Assets\\Game\\Prefabs\\Blocks\\Tree_1-Fall.prefab.meta
p1:-1 0 C:\\Users\\brookjam\\Perforce\\Workspace-brookjam-S142-3\\GDAP\\2017\\GroupProjects\\GDAP_F02\\MiniCapstone\\Assets\\Game\\Prefabs\\Blocks\\Tree_1.prefab
p1:-1 0 C:\\Users\\brookjam\\Perforce\\Workspace-brookjam-S142-3\\GDAP\\2017\\GroupProjects\\GDAP_F02\\MiniCapstone\\Assets\\Game\\Prefabs\\Blocks\\Tree_1.prefab.meta
p1:-1 0 C:\\Users\\brookjam\\Perforce\\Workspace-brookjam-S142-3\\GDAP\\2017\\GroupProjects\\GDAP_F02\\MiniCapstone\\Assets\\Game\\Prefabs\\Blocks\\Tree_2.prefab
p1:-1 0 C:\\Users\\brookjam\\Perforce\\Workspace-brookjam-S142-3\\GDAP\\2017\\GroupProjects\\GDAP_F02\\MiniCapstone\\Assets\\Game\\Prefabs\\Blocks\\Tree_2.prefab.meta
p1:-1 0 C:\\Users\\brookjam\\Perforce\\Workspace-brookjam-S142-3\\GDAP\\2017\\GroupProjects\\GDAP_F02\\MiniCapstone\\Assets\\Game\\Prefabs\\Character\\CharacterBox.prefab
p1:-1 0 C:\\Users\\brookjam\\Perforce\\Workspace-brookjam-S142-3\\GDAP\\2017\\GroupProjects\\GDAP_F02\\MiniCapstone\\Assets\\Game\\Scenes\\Levels\\Level - 001 - Art.unity
p1:-1 0 C:\\Users\\brookjam\\Perforce\\Workspace-brookjam-S142-3\\GDAP\\2017\\GroupProjects\\GDAP_F02\\MiniCapstone\\Assets\\Game\\Scenes\\Levels\\Level - 001 - Art.unity.meta
p1:-1 0 C:\\Users\\brookjam\\Perforce\\Workspace-brookjam-S142-3\\GDAP\\2017\\GroupProjects\\GDAP_F02\\MiniCapstone\\Assets\\Game\\Scenes\\Levels\\Level - 001 - Mechanic.unity
p1:-1 0 C:\\Users\\brookjam\\Perforce\\Workspace-brookjam-S142-3\\GDAP\\2017\\GroupProjects\\GDAP_F02\\MiniCapstone\\Assets\\Game\\Scenes\\Levels\\Level - 001 - Mechanic.unity.meta
p1:-1 1 C:\\Users\\brookjam\\Perforce\\Workspace-brookjam-S142-3\\GDAP\\2017\\GroupProjects\\GDAP_F02\\MiniCapstone\\Assets\\Game\\Scenes\\TestingLevels\\SplineTesting.unity
p1:-1 1 C:\\Users\\brookjam\\Perforce\\Workspace-brookjam-S142-3\\GDAP\\2017\\GroupProjects\\GDAP_F02\\MiniCapstone\\Assets\\Game\\Scenes\\TestingLevels\\TestArena1.unity
p1:-1 1 C:\\Users\\brookjam\\Perforce\\Workspace-brookjam-S142-3\\GDAP\\2017\\GroupProjects\\GDAP_F02\\MiniCapstone\\Assets\\Game\\Scenes\\TestingLevels\\TestArena1.unity.meta
p1:-1 1 C:\\Users\\brookjam\\Perforce\\Workspace-brookjam-S142-3\\GDAP\\2017\\GroupProjects\\GDAP_F02\\MiniCapstone\\Assets\\Game\\Scenes\\TestingLevels\\TestArena2.unity
p1:-1 1 C:\\Users\\brookjam\\Perforce\\Workspace-brookjam-S142-3\\GDAP\\2017\\GroupProjects\\GDAP_F02\\MiniCapstone\\Assets\\Game\\Scenes\\TestingLevels\\TestArena2.unity.meta
p1:-1 1 C:\\Users\\brookjam\\Perforce\\Workspace-brookjam-S142-3\\GDAP\\2017\\GroupProjects\\GDAP_F02\\MiniCapstone\\Assets\\Game\\Scripts\\Character\\AttackController.cs
p1:-1 1 C:\\Users\\brookjam\\Perforce\\Workspace-brookjam-S142-3\\GDAP\\2017\\GroupProjects\\GDAP_F02\\MiniCapstone\\Assets\\Game\\Scripts\\Character\\AttackInput.cs
p1:-1 1 C:\\Users\\brookjam\\Perforce\\Workspace-brookjam-S142-3\\GDAP\\2017\\GroupProjects\\GDAP_F02\\MiniCapstone\\Assets\\Game\\Scripts\\Character\\PlayerMovement.cs
p1:-1 1 C:\\Users\\brookjam\\Perforce\\Workspace-brookjam-S142-3\\GDAP\\2017\\GroupProjects\\GDAP_F02\\MiniCapstone\\Assets\\Game\\Scripts\\Character\\PlayerMovement.cs.meta
p1:-1 0 Change 17915 created with 19 open file(s).
p1:-1 0 Submitting change 17915.
p1:-1 0 Locking 19 files ...
p1:-1 0 edit //depot/GDAP/2017/GroupProjects/GDAP_F02/MiniCapstone/Assets/Game/Animations/Ninja/Back/Back_Slashing.anim#2
p1:-1 0 edit //depot/GDAP/2017/GroupProjects/GDAP_F02/MiniCapstone/Assets/Game/Animations/Ninja/Back/Back_Slashing.anim.meta#2
p1:-1 0 edit //depot/GDAP/2017/GroupProjects/GDAP_F02/MiniCapstone/Assets/Game/Animations/Ninja/Front/Front_Slashing.anim#3
p1:-1 0 edit //depot/GDAP/2017/GroupProjects/GDAP_F02/MiniCapstone/Assets/Game/Animations/Ninja/Front/Front_Slashing.anim.meta#2
p1:-1 0 edit //depot/GDAP/2017/GroupProjects/GDAP_F02/MiniCapstone/Assets/Game/Animations/Ninja/Left/Left_Slashing.anim#3
p1:-1 0 edit //depot/GDAP/2017/GroupProjects/GDAP_F02/MiniCapstone/Assets/Game/Animations/Ninja/Left/Left_Slashing.anim.meta#2
p1:-1 0 edit //depot/GDAP/2017/GroupProjects/GDAP_F02/MiniCapstone/Assets/Game/Animations/Ninja/Right/Right_Slashing.anim#3
p1:-1 0 edit //depot/GDAP/2017/GroupProjects/GDAP_F02/MiniCapstone/Assets/Game/Animations/Ninja/Right/Right_Slashing.anim.meta#2
p1:-1 0 edit //depot/GDAP/2017/GroupProjects/GDAP_F02/MiniCapstone/Assets/Game/Animators/Controllers/NinjaController.controller#5
p1:-1 0 edit //depot/GDAP/2017/GroupProjects/GDAP_F02/MiniCapstone/Assets/Game/Animators/Controllers/NinjaController.controller.meta#3
p1:-1 0 edit //depot/GDAP/2017/GroupProjects/GDAP_F02/MiniCapstone/Assets/Game/Prefabs/Blocks/Rock-Wall.prefab#2
p1:-1 0 edit //depot/GDAP/2017/GroupProjects/GDAP_F02/MiniCapstone/Assets/Game/Prefabs/Blocks/Rock-Wall.prefab.meta#2
p1:-1 0 edit //depot/GDAP/2017/GroupProjects/GDAP_F02/MiniCapstone/Assets/Game/Scenes/Levels/Level - 001 - Art.unity#7
p1:-1 0 edit //depot/GDAP/2017/GroupProjects/GDAP_F02/MiniCapstone/Assets/Game/Scenes/Levels/Level - 001 - Art.unity.meta#3
p1:-1 0 add //depot/GDAP/2017/GroupProjects/GDAP_F02/MiniCapstone/Assets/Game/Scenes/Levels/Level - 001 - Mechanic.meta#1
p1:-1 0 edit //depot/GDAP/2017/GroupProjects/GDAP_F02/MiniCapstone/Assets/Game/Scenes/Levels/Level - 001 - Mechanic.unity#2
p1:-1 0 edit //depot/GDAP/2017/GroupProjects/GDAP_F02/MiniCapstone/Assets/Game/Scenes/Levels/Level - 001 - Mechanic.unity.meta#2
p1:-1 0 add //depot/GDAP/2017/GroupProjects/GDAP_F02/MiniCapstone/Assets/Game/Scenes/Levels/Level - 001 - Mechanic/OcclusionCullingData.asset#1
p1:-1 0 add //depot/GDAP/2017/GroupProjects/GDAP_F02/MiniCapstone/Assets/Game/Scenes/Levels/Level - 001 - Mechanic/OcclusionCullingData.asset.meta#1
p1:-1 1 Change 17915 submitted.
p1:-1 0 C:\\Users\\brookjam\\Perforce\\Workspace-brookjam-S142-3\\GDAP\\2017\\GroupProjects\\GDAP_F02\\MiniCapstone\\Assets\\Game\\Scenes\\Core\\Core.unity
p1:-1 0 C:\\Users\\brookjam\\Perforce\\Workspace-brookjam-S142-3\\GDAP\\2017\\GroupProjects\\GDAP_F02\\MiniCapstone\\Assets\\Game\\Scenes\\Core\\Core.unity.meta
p1:-1 0 C:\\Users\\brookjam\\Perforce\\Workspace-brookjam-S142-3\\GDAP\\2017\\GroupProjects\\GDAP_F02\\MiniCapstone\\Assets\\Game\\Scenes\\Core\\UI.unity
p1:-1 0 C:\\Users\\brookjam\\Perforce\\Workspace-brookjam-S142-3\\GDAP\\2017\\GroupProjects\\GDAP_F02\\MiniCapstone\\Assets\\Game\\Scenes\\Core\\UI.unity.meta
p1:-1 0 C:\\Users\\brookjam\\Perforce\\Workspace-brookjam-S142-3\\GDAP\\2017\\GroupProjects\\GDAP_F02\\MiniCapstone\\Assets\\Game\\Scenes\\Levels\\Level - 001 - Mechanic.unity
p1:-1 0 C:\\Users\\brookjam\\Perforce\\Workspace-brookjam-S142-3\\GDAP\\2017\\GroupProjects\\GDAP_F02\\MiniCapstone\\Assets\\Game\\Scenes\\Levels\\Level - 001 - Mechanic.unity.meta
p1:-1 0 C:\\Users\\brookjam\\Perforce\\Workspace-brookjam-S142-3\\GDAP\\2017\\GroupProjects\\GDAP_F02\\MiniCapstone\\Assets\\Game\\Scenes\\TestingLevels\\TestArena2.unity
p1:-1 0 C:\\Users\\brookjam\\Perforce\\Workspace-brookjam-S142-3\\GDAP\\2017\\GroupProjects\\GDAP_F02\\MiniCapstone\\Assets\\Game\\Scenes\\TestingLevels\\TestArena2.unity.meta
p1:-1 0 C:\\Users\\brookjam\\Perforce\\Workspace-brookjam-S142-3\\GDAP\\2017\\GroupProjects\\GDAP_F02\\MiniCapstone\\Assets\\Game\\Scripts\\Core\\LevelLoader.cs
p1:-1 0 C:\\Users\\brookjam\\Perforce\\Workspace-brookjam-S142-3\\GDAP\\2017\\GroupProjects\\GDAP_F02\\MiniCapstone\\Assets\\Game\\Scripts\\Core\\LevelLoader.cs.meta
p1:-1 0 C:\\Users\\brookjam\\Perforce\\Workspace-brookjam-S142-3\\GDAP\\2017\\GroupProjects\\GDAP_F02\\MiniCapstone\\Assets\\Game\\Scripts\\Core\\UIStartup.cs
p1:-1 0 C:\\Users\\brookjam\\Perforce\\Workspace-brookjam-S142-3\\GDAP\\2017\\GroupProjects\\GDAP_F02\\MiniCapstone\\Assets\\Game\\Scripts\\Core\\UIStartup.cs.meta
p1:-1 0 C:\\Users\\brookjam\\Perforce\\Workspace-brookjam-S142-3\\GDAP\\2017\\GroupProjects\\GDAP_F02\\MiniCapstone\\Assets\\Game\\Scripts\\Managers\\UIManager.cs
p1:-1 0 C:\\Users\\brookjam\\Perforce\\Workspace-brookjam-S142-3\\GDAP\\2017\\GroupProjects\\GDAP_F02\\MiniCapstone\\Assets\\Game\\Scripts\\Managers\\UIManager.cs.meta
p1:-1 0 C:\\Users\\brookjam\\Perforce\\Workspace-brookjam-S142-3\\GDAP\\2017\\GroupProjects\\GDAP_F02\\MiniCapstone\\Assets\\Game\\Scripts\\UI\\UIMenu.cs
p1:-1 0 C:\\Users\\brookjam\\Perforce\\Workspace-brookjam-S142-3\\GDAP\\2017\\GroupProjects\\GDAP_F02\\MiniCapstone\\Assets\\Game\\Scripts\\UI\\UIMenu.cs.meta
p1:-1 0 C:\\Users\\brookjam\\Perforce\\Workspace-brookjam-S142-3\\GDAP\\2017\\GroupProjects\\GDAP_F02\\MiniCapstone\\Assets\\MiniTeach.meta
p1:-1 0 C:\\Users\\brookjam\\Perforce\\Workspace-brookjam-S142-3\\GDAP\\2017\\GroupProjects\\GDAP_F02\\MiniCapstone\\Assets\\MiniTeach\\Config_Objective_C.h
p1:-1 0 C:\\Users\\brookjam\\Perforce\\Workspace-brookjam-S142-3\\GDAP\\2017\\GroupProjects\\GDAP_F02\\MiniCapstone\\Assets\\MiniTeach\\Config_Objective_C.h.meta
p1:-1 0 C:\\Users\\brookjam\\Perforce\\Workspace-brookjam-S142-3\\GDAP\\2017\\GroupProjects\\GDAP_F02\\MiniCapstone\\Assets\\MiniTeach\\Lol.unity
p1:-1 0 C:\\Users\\brookjam\\Perforce\\Workspace-brookjam-S142-3\\GDAP\\2017\\GroupProjects\\GDAP_F02\\MiniCapstone\\Assets\\MiniTeach\\Lol.unity.meta
p1:-1 0 C:\\Users\\brookjam\\Perforce\\Workspace-brookjam-S142-3\\GDAP\\2017\\GroupProjects\\GDAP_F02\\MiniCapstone\\Assets\\MiniTeach\\ObjectiveCallback.cs
p1:-1 0 C:\\Users\\brookjam\\Perforce\\Workspace-brookjam-S142-3\\GDAP\\2017\\GroupProjects\\GDAP_F02\\MiniCapstone\\Assets\\MiniTeach\\ObjectiveCallback.cs.meta
p1:-1 0 C:\\Users\\brookjam\\Perforce\\Workspace-brookjam-S142-3\\GDAP\\2017\\GroupProjects\\GDAP_F02\\MiniCapstone\\Assets\\Plugins.meta
p1:-1 0 C:\\Users\\brookjam\\Perforce\\Workspace-brookjam-S142-3\\GDAP\\2017\\GroupProjects\\GDAP_F02\\MiniCapstone\\Assets\\Plugins\\tvOS.meta
p1:-1 0 C:\\Users\\brookjam\\Perforce\\Workspace-brookjam-S142-3\\GDAP\\2017\\GroupProjects\\GDAP_F02\\MiniCapstone\\Assets\\Plugins\\tvOS\\ObjectiveFile.mm
p1:-1 0 C:\\Users\\brookjam\\Perforce\\Workspace-brookjam-S142-3\\GDAP\\2017\\GroupProjects\\GDAP_F02\\MiniCapstone\\Assets\\Plugins\\tvOS\\ObjectiveFile.mm.meta
p1:-1 0 Change 17995 created with 11 open file(s).
p1:-1 0 Submitting change 17995.
p1:-1 0 Locking 11 files ...
p1:-1 0 add //depot/GDAP/2017/GroupProjects/GDAP_F02/MiniCapstone/Assets/Game/Animations/Enemies.meta#1
p1:-1 0 add //depot/GDAP/2017/GroupProjects/GDAP_F02/MiniCapstone/Assets/Game/Animations/Enemies/Models.meta#1
p1:-1 0 add //depot/GDAP/2017/GroupProjects/GDAP_F02/MiniCapstone/Assets/Game/Animations/Enemies/Models/pearl%40T-Pose.fbx#1
p1:-1 1 add //depot/GDAP/2017/GroupProjects/GDAP_F02/MiniCapstone/Assets/Game/Animations/Enemies/Models/pearl%40T-Pose.fbx.meta#1
p1:-1 1 add //depot/GDAP/2017/GroupProjects/GDAP_F02/MiniCapstone/Assets/Game/Prefabs/Enemy.meta#1
p1:-1 1 add //depot/GDAP/2017/GroupProjects/GDAP_F02/MiniCapstone/Assets/Game/Prefabs/Enemy/Pearl.prefab#1
p1:-1 1 add //depot/GDAP/2017/GroupProjects/GDAP_F02/MiniCapstone/Assets/Game/Prefabs/Enemy/Pearl.prefab.meta#1
p1:-1 1 add //depot/GDAP/2017/GroupProjects/GDAP_F02/MiniCapstone/Assets/Game/Scenes/Levels/Level - 001 - Enemy.unity#1
p1:-1 1 add //depot/GDAP/2017/GroupProjects/GDAP_F02/MiniCapstone/Assets/Game/Scenes/Levels/Level - 001 - Enemy.unity.meta#1
p1:-1 1 edit //depot/GDAP/2017/GroupProjects/GDAP_F02/MiniCapstone/Assets/Game/Scriptable Objects/Levels/Level - 001.asset#2
p1:-1 1 edit //depot/GDAP/2017/GroupProjects/GDAP_F02/MiniCapstone/Assets/Game/Scriptable Objects/Levels/Level - 001.asset.meta#2
p1:-1 1 Change 17995 submitted.
p1:-1 0 Change 18003 created with 4 open file(s).
p1:-1 0 Submitting change 18003.
p1:-1 0 Locking 4 files ...
p1:-1 0 edit //depot/GDAP/2017/GroupProjects/GDAP_F02/MiniCapstone/Assets/Game/Scripts/Character/SplineTransfer.cs#3
p1:-1 0 edit //depot/GDAP/2017/GroupProjects/GDAP_F02/MiniCapstone/Assets/Game/Scripts/Character/SplineTransfer.cs.meta#3
p1:-1 0 edit //depot/GDAP/2017/GroupProjects/GDAP_F02/MiniCapstone/Assets/Tools/Spline/Spline.cs#10
p1:-1 0 edit //depot/GDAP/2017/GroupProjects/GDAP_F02/MiniCapstone/Assets/Tools/Spline/Spline.cs.meta#10
p1:-1 0 Change 18003 submitted.
p1:-1 0 C:\\Users\\brookjam\\Perforce\\Workspace-brookjam-S142-3\\GDAP\\2017\\GroupProjects\\GDAP_F02\\MiniCapstone\\Assets\\Game\\Prefabs\\Character\\CharacterBox.prefab
p1:-1 0 C:\\Users\\brookjam\\Perforce\\Workspace-brookjam-S142-3\\GDAP\\2017\\GroupProjects\\GDAP_F02\\MiniCapstone\\Assets\\Game\\Prefabs\\Character\\CharacterBox.prefab.meta
C:/Users/brookjam/Perforce/Workspace-brookjam-S142-3/GDAP/2017/GroupProjects/GDAP_F02/MiniCapstone/Assets/Game/Scripts/Scriptable Objects.meta - file(s) not on client.

w1:C:/Users/brookjam/Perforce/Workspace-brookjam-S142-3/GDAP/2017/GroupProjects/GDAP_F02/MiniCapstone/Assets/Game/Scripts/Scriptable Objects.meta - file(s) not on client.\n
C:/Users/brookjam/Perforce/Workspace-brookjam-S142-3/GDAP/2017/GroupProjects/GDAP_F02/MiniCapstone/Assets/Game/Scriptable Objects/Abilities.meta - file(s) not on client.

w1:C:/Users/brookjam/Perforce/Workspace-brookjam-S142-3/GDAP/2017/GroupProjects/GDAP_F02/MiniCapstone/Assets/Game/Scriptable Objects/Abilities.meta - file(s) not on client.\n
p1:-1 0 Change 18355 created with 2 open file(s).
p1:-1 0 Submitting change 18355.
p1:-1 0 Locking 2 files ...
p1:-1 0 edit //depot/GDAP/2017/GroupProjects/GDAP_F02/MiniCapstone/Assets/Game/Animations/Enemies/FightWalking.fbx#2
p1:-1 0 edit //depot/GDAP/2017/GroupProjects/GDAP_F02/MiniCapstone/Assets/Game/Animations/Enemies/FightWalking.fbx.meta#2
p1:-1 0 Change 18355 submitted.
