c:\users\brookjam\class projects\classstuff\prog50016gamearch\game engine\prog50016.gameengine\prog50016.gameengine\x64\debug\vc141.pdb
c:\users\brookjam\class projects\classstuff\prog50016gamearch\game engine\prog50016.gameengine\prog50016.gameengine\x64\debug\vc141.idb
c:\users\brookjam\class projects\classstuff\prog50016gamearch\game engine\prog50016.gameengine\prog50016.gameengine\x64\debug\asset.obj
c:\users\brookjam\class projects\classstuff\prog50016gamearch\game engine\prog50016.gameengine\prog50016.gameengine\x64\debug\assetmanager.obj
c:\users\brookjam\class projects\classstuff\prog50016gamearch\game engine\prog50016.gameengine\prog50016.gameengine\x64\debug\component.obj
c:\users\brookjam\class projects\classstuff\prog50016gamearch\game engine\prog50016.gameengine\prog50016.gameengine\x64\debug\filesystem.obj
c:\users\brookjam\class projects\classstuff\prog50016gamearch\game engine\prog50016.gameengine\prog50016.gameengine\x64\debug\gameengine.obj
c:\users\brookjam\class projects\classstuff\prog50016gamearch\game engine\prog50016.gameengine\prog50016.gameengine\x64\debug\gameobject.obj
c:\users\brookjam\class projects\classstuff\prog50016gamearch\game engine\prog50016.gameengine\prog50016.gameengine\x64\debug\gameobjectmanager.obj
c:\users\brookjam\class projects\classstuff\prog50016gamearch\game engine\prog50016.gameengine\prog50016.gameengine\x64\debug\inputmanager.obj
c:\users\brookjam\class projects\classstuff\prog50016gamearch\game engine\prog50016.gameengine\prog50016.gameengine\x64\debug\irenderable.obj
c:\users\brookjam\class projects\classstuff\prog50016gamearch\game engine\prog50016.gameengine\prog50016.gameengine\x64\debug\isystem.obj
c:\users\brookjam\class projects\classstuff\prog50016gamearch\game engine\prog50016.gameengine\prog50016.gameengine\x64\debug\main.obj
c:\users\brookjam\class projects\classstuff\prog50016gamearch\game engine\prog50016.gameengine\prog50016.gameengine\x64\debug\object.obj
c:\users\brookjam\class projects\classstuff\prog50016gamearch\game engine\prog50016.gameengine\prog50016.gameengine\x64\debug\rendersystem.obj
c:\users\brookjam\class projects\classstuff\prog50016gamearch\game engine\prog50016.gameengine\prog50016.gameengine\x64\debug\sprite.obj
c:\users\brookjam\class projects\classstuff\prog50016gamearch\game engine\prog50016.gameengine\prog50016.gameengine\x64\debug\textureasset.obj
c:\users\brookjam\class projects\classstuff\prog50016gamearch\game engine\prog50016.gameengine\prog50016.gameengine\x64\debug\tinyxml2.obj
c:\users\brookjam\class projects\classstuff\prog50016gamearch\game engine\prog50016.gameengine\x64\debug\prog50016.gameengine.ilk
c:\users\brookjam\class projects\classstuff\prog50016gamearch\game engine\prog50016.gameengine\x64\debug\prog50016.gameengine.exe
c:\users\brookjam\class projects\classstuff\prog50016gamearch\game engine\prog50016.gameengine\x64\debug\prog50016.gameengine.pdb
c:\users\brookjam\class projects\classstuff\prog50016gamearch\game engine\prog50016.gameengine\prog50016.gameengine\x64\debug\prog5001.8fee3892.tlog\cl.command.1.tlog
c:\users\brookjam\class projects\classstuff\prog50016gamearch\game engine\prog50016.gameengine\prog50016.gameengine\x64\debug\prog5001.8fee3892.tlog\cl.read.1.tlog
c:\users\brookjam\class projects\classstuff\prog50016gamearch\game engine\prog50016.gameengine\prog50016.gameengine\x64\debug\prog5001.8fee3892.tlog\cl.write.1.tlog
c:\users\brookjam\class projects\classstuff\prog50016gamearch\game engine\prog50016.gameengine\prog50016.gameengine\x64\debug\prog5001.8fee3892.tlog\link.command.1.tlog
c:\users\brookjam\class projects\classstuff\prog50016gamearch\game engine\prog50016.gameengine\prog50016.gameengine\x64\debug\prog5001.8fee3892.tlog\link.read.1.tlog
c:\users\brookjam\class projects\classstuff\prog50016gamearch\game engine\prog50016.gameengine\prog50016.gameengine\x64\debug\prog5001.8fee3892.tlog\link.write.1.tlog
