c:\users\brookjam\class projects\classstuff\prog50016gamearch\lab2\lab2jamesbrooks\gameengine\debug\vc141.pdb
c:\users\brookjam\class projects\classstuff\prog50016gamearch\lab2\lab2jamesbrooks\gameengine\debug\vc141.idb
c:\users\brookjam\class projects\classstuff\prog50016gamearch\lab2\lab2jamesbrooks\gameengine\debug\assetmanager.obj
c:\users\brookjam\class projects\classstuff\prog50016gamearch\lab2\lab2jamesbrooks\gameengine\debug\component.obj
c:\users\brookjam\class projects\classstuff\prog50016gamearch\lab2\lab2jamesbrooks\gameengine\debug\filesystem.obj
c:\users\brookjam\class projects\classstuff\prog50016gamearch\lab2\lab2jamesbrooks\gameengine\debug\gameengine.obj
c:\users\brookjam\class projects\classstuff\prog50016gamearch\lab2\lab2jamesbrooks\gameengine\debug\gameobject.obj
c:\users\brookjam\class projects\classstuff\prog50016gamearch\lab2\lab2jamesbrooks\gameengine\debug\gameobjectmanager.obj
c:\users\brookjam\class projects\classstuff\prog50016gamearch\lab2\lab2jamesbrooks\gameengine\debug\inputmanager.obj
c:\users\brookjam\class projects\classstuff\prog50016gamearch\lab2\lab2jamesbrooks\gameengine\debug\main.obj
c:\users\brookjam\class projects\classstuff\prog50016gamearch\lab2\lab2jamesbrooks\gameengine\debug\rendersystem.obj
c:\users\brookjam\class projects\classstuff\prog50016gamearch\lab2\lab2jamesbrooks\gameengine\debug\object.obj
c:\users\brookjam\class projects\classstuff\prog50016gamearch\lab2\lab2jamesbrooks\gameengine\debug\tinyxml2.obj
c:\users\brookjam\class projects\classstuff\prog50016gamearch\lab2\lab2jamesbrooks\debug\gameengine.exe
c:\users\brookjam\class projects\classstuff\prog50016gamearch\lab2\lab2jamesbrooks\debug\gameengine.ilk
c:\users\brookjam\class projects\classstuff\prog50016gamearch\lab2\lab2jamesbrooks\debug\gameengine.pdb
c:\users\brookjam\class projects\classstuff\prog50016gamearch\lab2\lab2jamesbrooks\gameengine\debug\gameengine.tlog\cl.command.1.tlog
c:\users\brookjam\class projects\classstuff\prog50016gamearch\lab2\lab2jamesbrooks\gameengine\debug\gameengine.tlog\cl.read.1.tlog
c:\users\brookjam\class projects\classstuff\prog50016gamearch\lab2\lab2jamesbrooks\gameengine\debug\gameengine.tlog\cl.write.1.tlog
c:\users\brookjam\class projects\classstuff\prog50016gamearch\lab2\lab2jamesbrooks\gameengine\debug\gameengine.tlog\link.command.1.tlog
c:\users\brookjam\class projects\classstuff\prog50016gamearch\lab2\lab2jamesbrooks\gameengine\debug\gameengine.tlog\link.read.1.tlog
c:\users\brookjam\class projects\classstuff\prog50016gamearch\lab2\lab2jamesbrooks\gameengine\debug\gameengine.tlog\link.write.1.tlog
